2021-01-11 10:39:28,157:INFO:Request sent (request url: 'http://ftp.itec.aau.at/datasets/DASHDataset2014/BigBuckBunny/4sec/BigBuckBunny_4s_simple_2014_05_09.mpd')
2021-01-11 10:39:28,289:INFO:Response received.
2021-01-11 10:39:28,290:INFO:MPD file informations:
MPD file title: dashed/BigBuckBunny_4s_simple_2014_05_09.mpd generated by GPAC
Stream duration: 596.46 seconds
Segments number: 150
Representations: {'segment1': {'id': '320x240 45.0kbps', 'mimeType': 'video/mp4', 'codecs': 'avc1.42c00d', 'width': '320', 'height': '240', 'frameRate': '24', 'sar': '1:1', 'startWithSAP': '1', 'bandwidth': '45226'}, 'segment2': {'id': '320x240 89.0kbps', 'mimeType': 'video/mp4', 'codecs': 'avc1.42c00d', 'width': '320', 'height': '240', 'frameRate': '24', 'sar': '1:1', 'startWithSAP': '1', 'bandwidth': '88783'}, 'segment3': {'id': '320x240 129.0kbps', 'mimeType': 'video/mp4', 'codecs': 'avc1.42c00d', 'width': '320', 'height': '240', 'frameRate': '24', 'sar': '1:1', 'startWithSAP': '1', 'bandwidth': '128503'}, 'segment4': {'id': '480x360 177.0kbps', 'mimeType': 'video/mp4', 'codecs': 'avc1.42c015', 'width': '480', 'height': '360', 'frameRate': '24', 'sar': '1:1', 'startWithSAP': '1', 'bandwidth': '177437'}, 'segment5': {'id': '480x360 218.0kbps', 'mimeType': 'video/mp4', 'codecs': 'avc1.42c015', 'width': '480', 'height': '360', 'frameRate': '24', 'sar': '1:1', 'startWithSAP': '1', 'bandwidth': '217761'}, 'segment6': {'id': '480x360 256.0kbps', 'mimeType': 'video/mp4', 'codecs': 'avc1.42c015', 'width': '480', 'height': '360', 'frameRate': '24', 'sar': '1:1', 'startWithSAP': '1', 'bandwidth': '255865'}, 'segment7': {'id': '480x360 323.0kbps', 'mimeType': 'video/mp4', 'codecs': 'avc1.42c015', 'width': '480', 'height': '360', 'frameRate': '24', 'sar': '1:1', 'startWithSAP': '1', 'bandwidth': '323047'}, 'segment8': {'id': '480x360 378.0kbps', 'mimeType': 'video/mp4', 'codecs': 'avc1.42c015', 'width': '480', 'height': '360', 'frameRate': '24', 'sar': '1:1', 'startWithSAP': '1', 'bandwidth': '378355'}, 'segment9': {'id': '854x480 509.0kbps', 'mimeType': 'video/mp4', 'codecs': 'avc1.42c01e', 'width': '854', 'height': '480', 'frameRate': '24', 'sar': '1:1', 'startWithSAP': '1', 'bandwidth': '509091'}, 'segment10': {'id': '854x480 578.0kbps', 'mimeType': 'video/mp4', 'codecs': 'avc1.42c01e', 'width': '854', 'height': '480', 'frameRate': '24', 'sar': '1:1', 'startWithSAP': '1', 'bandwidth': '577751'}, 'segment11': {'id': '1280x720 783.0kbps', 'mimeType': 'video/mp4', 'codecs': 'avc1.42c01f', 'width': '1280', 'height': '720', 'frameRate': '24', 'sar': '1:1', 'startWithSAP': '1', 'bandwidth': '782553'}, 'segment12': {'id': '1280x720 1.0Mbps', 'mimeType': 'video/mp4', 'codecs': 'avc1.42c01f', 'width': '1280', 'height': '720', 'frameRate': '24', 'sar': '1:1', 'startWithSAP': '1', 'bandwidth': '1008699'}, 'segment13': {'id': '1280x720 1.2Mbps', 'mimeType': 'video/mp4', 'codecs': 'avc1.42c01f', 'width': '1280', 'height': '720', 'frameRate': '24', 'sar': '1:1', 'startWithSAP': '1', 'bandwidth': '1207152'}, 'segment14': {'id': '1280x720 1.5Mbps', 'mimeType': 'video/mp4', 'codecs': 'avc1.42c01f', 'width': '1280', 'height': '720', 'frameRate': '24', 'sar': '1:1', 'startWithSAP': '1', 'bandwidth': '1473801'}, 'segment15': {'id': '1920x1080 2.1Mbps', 'mimeType': 'video/mp4', 'codecs': 'avc1.42c032', 'width': '1920', 'height': '1080', 'frameRate': '24', 'sar': '1:1', 'startWithSAP': '1', 'bandwidth': '2087347'}, 'segment16': {'id': '1920x1080 2.4Mbps', 'mimeType': 'video/mp4', 'codecs': 'avc1.42c032', 'width': '1920', 'height': '1080', 'frameRate': '24', 'sar': '1:1', 'startWithSAP': '1', 'bandwidth': '2409742'}, 'segment17': {'id': '1920x1080 2.9Mbps', 'mimeType': 'video/mp4', 'codecs': 'avc1.42c032', 'width': '1920', 'height': '1080', 'frameRate': '24', 'sar': '1:1', 'startWithSAP': '1', 'bandwidth': '2944291'}, 'segment18': {'id': '1920x1080 3.3Mbps', 'mimeType': 'video/mp4', 'codecs': 'avc1.42c032', 'width': '1920', 'height': '1080', 'frameRate': '24', 'sar': '1:1', 'startWithSAP': '1', 'bandwidth': '3340509'}, 'segment19': {'id': '1920x1080 3.6Mbps', 'mimeType': 'video/mp4', 'codecs': 'avc1.42c032', 'width': '1920', 'height': '1080', 'frameRate': '24', 'sar': '1:1', 'startWithSAP': '1', 'bandwidth': '3613836'}, 'segment20': {'id': '1920x1080 3.9Mbps', 'mimeType': 'video/mp4', 'codecs': 'avc1.42c032', 'width': '1920', 'height': '1080', 'frameRate': '24', 'sar': '1:1', 'startWithSAP': '1', 'bandwidth': '3936261'}}
2021-01-11 10:39:28,337:INFO:STREAM STARTED!
2021-01-11 10:39:28,337:INFO:Request sent (request url: 'http://ftp.itec.aau.at/datasets/DASHDataset2014/BigBuckBunny/4sec/bunny_45226bps/BigBuckBunny_4s_init.mp4')
2021-01-11 10:39:28,407:INFO:Response received.
2021-01-11 10:39:28,407:INFO:Segment number 1: 
2021-01-11 10:39:28,407:INFO:Request sent (request url: 'http://ftp.itec.aau.at/datasets/DASHDataset2014/BigBuckBunny/4sec/bunny_45226bps/BigBuckBunny_4s1.m4s')
2021-01-11 10:39:28,526:INFO:Response received.
2021-01-11 10:39:28,526:INFO:Response size: 21660 bytes
2021-01-11 10:39:28,526:INFO:Response time: 0.085124 seconds
2021-01-11 10:39:28,526:INFO:User's bandwidth: 2035618.6269442225 bps
2021-01-11 10:39:28,527:INFO:Buffer = 4 sec
2021-01-11 10:39:28,527:INFO:Segment number 2: 
2021-01-11 10:39:28,527:INFO:Request sent (request url: 'http://ftp.itec.aau.at/datasets/DASHDataset2014/BigBuckBunny/4sec/bunny_45226bps/BigBuckBunny_4s2.m4s')
2021-01-11 10:39:28,626:INFO:Response received.
2021-01-11 10:39:28,627:INFO:Response size: 23638 bytes
2021-01-11 10:39:28,627:INFO:Response time: 0.066289 seconds
2021-01-11 10:39:28,627:INFO:User's bandwidth: 2852720.662553365 bps
2021-01-11 10:39:28,627:INFO:Buffer = 7.933711 sec
2021-01-11 10:39:28,627:INFO:Segment number 3: 
2021-01-11 10:39:28,627:INFO:Request sent (request url: 'http://ftp.itec.aau.at/datasets/DASHDataset2014/BigBuckBunny/4sec/bunny_88783bps/BigBuckBunny_4s3.m4s')
2021-01-11 10:39:28,784:INFO:Response received.
2021-01-11 10:39:28,784:INFO:Response size: 50728 bytes
2021-01-11 10:39:28,784:INFO:Response time: 0.088752 seconds
2021-01-11 10:39:28,785:INFO:User's bandwidth: 4572561.745087435 bps
2021-01-11 10:39:28,785:INFO:Buffer = 11.844959 sec
2021-01-11 10:39:28,785:INFO:Segment number 4: 
2021-01-11 10:39:28,785:INFO:Request sent (request url: 'http://ftp.itec.aau.at/datasets/DASHDataset2014/BigBuckBunny/4sec/bunny_128503bps/BigBuckBunny_4s4.m4s')
2021-01-11 10:39:28,942:INFO:Response received.
2021-01-11 10:39:28,942:INFO:Response size: 68193 bytes
2021-01-11 10:39:28,942:INFO:Response time: 0.083458 seconds
2021-01-11 10:39:28,942:INFO:User's bandwidth: 6536749.023460902 bps
2021-01-11 10:39:28,942:INFO:Buffer = 15.761500999999999 sec
2021-01-11 10:39:28,943:INFO:Segment number 5: 
2021-01-11 10:39:28,943:INFO:Request sent (request url: 'http://ftp.itec.aau.at/datasets/DASHDataset2014/BigBuckBunny/4sec/bunny_177437bps/BigBuckBunny_4s5.m4s')
2021-01-11 10:39:29,081:INFO:Response received.
2021-01-11 10:39:29,081:INFO:Response size: 86336 bytes
2021-01-11 10:39:29,081:INFO:Response time: 0.069481 seconds
2021-01-11 10:39:29,081:INFO:User's bandwidth: 9940674.428980585 bps
2021-01-11 10:39:29,081:INFO:Buffer = 19.69202 sec
2021-01-11 10:39:29,082:INFO:Segment number 6: 
2021-01-11 10:39:29,082:INFO:Request sent (request url: 'http://ftp.itec.aau.at/datasets/DASHDataset2014/BigBuckBunny/4sec/bunny_217761bps/BigBuckBunny_4s6.m4s')
2021-01-11 10:39:29,226:INFO:Response received.
2021-01-11 10:39:29,227:INFO:Response size: 86986 bytes
2021-01-11 10:39:29,227:INFO:Response time: 0.076503 seconds
2021-01-11 10:39:29,227:INFO:User's bandwidth: 9096218.448949715 bps
2021-01-11 10:39:29,227:INFO:Buffer = 23.615517 sec
2021-01-11 10:39:29,227:INFO:Segment number 7: 
2021-01-11 10:39:29,227:INFO:Request sent (request url: 'http://ftp.itec.aau.at/datasets/DASHDataset2014/BigBuckBunny/4sec/bunny_255865bps/BigBuckBunny_4s7.m4s')
2021-01-11 10:39:29,401:INFO:Response received.
2021-01-11 10:39:29,401:INFO:Response size: 143054 bytes
2021-01-11 10:39:29,401:INFO:Response time: 0.062626 seconds
2021-01-11 10:39:29,401:INFO:User's bandwidth: 18274071.471912622 bps
2021-01-11 10:39:29,402:INFO:Buffer = 27.552891 sec
2021-01-11 10:39:29,402:INFO:Segment number 8: 
2021-01-11 10:39:29,402:INFO:Request sent (request url: 'http://ftp.itec.aau.at/datasets/DASHDataset2014/BigBuckBunny/4sec/bunny_323047bps/BigBuckBunny_4s8.m4s')
2021-01-11 10:39:29,579:INFO:Response received.
2021-01-11 10:39:29,580:INFO:Response size: 192018 bytes
2021-01-11 10:39:29,580:INFO:Response time: 0.062265 seconds
2021-01-11 10:39:29,580:INFO:User's bandwidth: 24671067.212719828 bps
2021-01-11 10:39:29,580:INFO:Buffer = 31.490626 sec
2021-01-11 10:39:29,580:INFO:Segment number 9: 
2021-01-11 10:39:29,580:INFO:Request sent (request url: 'http://ftp.itec.aau.at/datasets/DASHDataset2014/BigBuckBunny/4sec/bunny_378355bps/BigBuckBunny_4s9.m4s')
2021-01-11 10:39:29,795:INFO:Response received.
2021-01-11 10:39:29,796:INFO:Response size: 224426 bytes
2021-01-11 10:39:29,796:INFO:Response time: 0.070582 seconds
2021-01-11 10:39:29,796:INFO:User's bandwidth: 25437193.618769657 bps
2021-01-11 10:39:29,796:INFO:Buffer = 35.420044 sec
2021-01-11 10:39:29,796:INFO:Segment number 10: 
2021-01-11 10:39:29,796:INFO:Request sent (request url: 'http://ftp.itec.aau.at/datasets/DASHDataset2014/BigBuckBunny/4sec/bunny_509091bps/BigBuckBunny_4s10.m4s')
2021-01-11 10:39:30,066:INFO:Response received.
2021-01-11 10:39:30,067:INFO:Response size: 290930 bytes
2021-01-11 10:39:30,067:INFO:Response time: 0.075357 seconds
2021-01-11 10:39:30,067:INFO:User's bandwidth: 30885518.266385343 bps
2021-01-11 10:39:30,067:INFO:Buffer = 39.344687 sec
2021-01-11 10:39:30,067:INFO:Segment number 11: 
2021-01-11 10:39:30,067:INFO:Request sent (request url: 'http://ftp.itec.aau.at/datasets/DASHDataset2014/BigBuckBunny/4sec/bunny_577751bps/BigBuckBunny_4s11.m4s')
2021-01-11 10:39:30,432:INFO:Response received.
2021-01-11 10:39:30,433:INFO:Response size: 339926 bytes
2021-01-11 10:39:30,433:INFO:Response time: 0.065055 seconds
2021-01-11 10:39:30,433:INFO:User's bandwidth: 41801675.505341634 bps
2021-01-11 10:39:30,433:INFO:Buffer = 43.279632 sec
2021-01-11 10:39:30,433:INFO:Segment number 12: 
2021-01-11 10:39:30,433:INFO:Request sent (request url: 'http://ftp.itec.aau.at/datasets/DASHDataset2014/BigBuckBunny/4sec/bunny_782553bps/BigBuckBunny_4s12.m4s')
2021-01-11 10:39:30,811:INFO:Response received.
2021-01-11 10:39:30,811:INFO:Response size: 444517 bytes
2021-01-11 10:39:30,811:INFO:Response time: 0.094498 seconds
2021-01-11 10:39:30,811:INFO:User's bandwidth: 37631865.22466084 bps
2021-01-11 10:39:30,812:INFO:Buffer = 47.185134 sec
2021-01-11 10:39:30,812:INFO:Segment number 13: 
2021-01-11 10:39:30,812:INFO:Request sent (request url: 'http://ftp.itec.aau.at/datasets/DASHDataset2014/BigBuckBunny/4sec/bunny_1008699bps/BigBuckBunny_4s13.m4s')
2021-01-11 10:39:31,224:INFO:Response received.
2021-01-11 10:39:31,225:INFO:Response size: 576366 bytes
2021-01-11 10:39:31,225:INFO:Response time: 0.076928 seconds
2021-01-11 10:39:31,225:INFO:User's bandwidth: 59938227.95341098 bps
2021-01-11 10:39:31,225:INFO:Buffer = 51.108205999999996 sec
2021-01-11 10:39:31,225:INFO:Segment number 14: 
2021-01-11 10:39:31,226:INFO:Request sent (request url: 'http://ftp.itec.aau.at/datasets/DASHDataset2014/BigBuckBunny/4sec/bunny_1207152bps/BigBuckBunny_4s14.m4s')
2021-01-11 10:39:31,575:INFO:Response received.
2021-01-11 10:39:31,575:INFO:Response size: 751619 bytes
2021-01-11 10:39:31,575:INFO:Response time: 0.063492 seconds
2021-01-11 10:39:31,575:INFO:User's bandwidth: 94704088.70408869 bps
2021-01-11 10:39:31,576:INFO:Buffer = 55.044714 sec
2021-01-11 10:39:31,576:INFO:Segment number 15: 
2021-01-11 10:39:31,576:INFO:Request sent (request url: 'http://ftp.itec.aau.at/datasets/DASHDataset2014/BigBuckBunny/4sec/bunny_1473801bps/BigBuckBunny_4s15.m4s')
2021-01-11 10:39:31,869:INFO:Response received.
2021-01-11 10:39:31,869:INFO:Response size: 333066 bytes
2021-01-11 10:39:31,869:INFO:Response time: 0.080618 seconds
2021-01-11 10:39:31,870:INFO:User's bandwidth: 33051278.87072366 bps
2021-01-11 10:39:31,870:INFO:Buffer = 58.964096 sec
2021-01-11 10:39:31,870:INFO:Segment number 16: 
2021-01-11 10:39:31,870:INFO:Request sent (request url: 'http://ftp.itec.aau.at/datasets/DASHDataset2014/BigBuckBunny/4sec/bunny_2087347bps/BigBuckBunny_4s16.m4s')
2021-01-11 10:39:32,337:INFO:Response received.
2021-01-11 10:39:32,338:INFO:Response size: 988497 bytes
2021-01-11 10:39:32,338:INFO:Response time: 0.061519 seconds
2021-01-11 10:39:32,338:INFO:User's bandwidth: 128545262.43924642 bps
2021-01-11 10:39:32,338:INFO:Buffer = 62.902577 sec
2021-01-11 10:39:32,338:INFO:Segment number 17: 
2021-01-11 10:39:32,338:INFO:Request sent (request url: 'http://ftp.itec.aau.at/datasets/DASHDataset2014/BigBuckBunny/4sec/bunny_2409742bps/BigBuckBunny_4s17.m4s')
2021-01-11 10:39:32,960:INFO:Response received.
2021-01-11 10:39:32,961:INFO:Response size: 1377579 bytes
2021-01-11 10:39:32,961:INFO:Response time: 0.065403 seconds
2021-01-11 10:39:32,961:INFO:User's bandwidth: 168503463.14389247 bps
2021-01-11 10:39:32,961:INFO:Buffer = 66.837174 sec
2021-01-11 10:39:32,961:INFO:Segment number 18: 
2021-01-11 10:39:32,961:INFO:Request sent (request url: 'http://ftp.itec.aau.at/datasets/DASHDataset2014/BigBuckBunny/4sec/bunny_2944291bps/BigBuckBunny_4s18.m4s')
2021-01-11 10:39:33,578:INFO:Response received.
2021-01-11 10:39:33,578:INFO:Response size: 1222383 bytes
2021-01-11 10:39:33,578:INFO:Response time: 0.093627 seconds
2021-01-11 10:39:33,578:INFO:User's bandwidth: 104447050.53029574 bps
2021-01-11 10:39:33,578:INFO:Buffer = 70.743547 sec
2021-01-11 10:39:33,579:INFO:Segment number 19: 
2021-01-11 10:39:33,579:INFO:Request sent (request url: 'http://ftp.itec.aau.at/datasets/DASHDataset2014/BigBuckBunny/4sec/bunny_3340509bps/BigBuckBunny_4s19.m4s')
2021-01-11 10:39:34,247:INFO:Response received.
2021-01-11 10:39:34,248:INFO:Response size: 1667484 bytes
2021-01-11 10:39:34,248:INFO:Response time: 0.076623 seconds
2021-01-11 10:39:34,248:INFO:User's bandwidth: 174097490.30969813 bps
2021-01-11 10:39:34,248:INFO:Buffer = 74.66692400000001 sec
2021-01-11 10:39:34,248:INFO:Segment number 20: 
2021-01-11 10:39:34,248:INFO:Request sent (request url: 'http://ftp.itec.aau.at/datasets/DASHDataset2014/BigBuckBunny/4sec/bunny_3613836bps/BigBuckBunny_4s20.m4s')
2021-01-11 10:39:35,201:INFO:Response received.
2021-01-11 10:39:35,201:INFO:Response size: 3097219 bytes
2021-01-11 10:39:35,202:INFO:Response time: 0.091776 seconds
2021-01-11 10:39:35,202:INFO:User's bandwidth: 269980735.7043236 bps
2021-01-11 10:39:35,202:INFO:Buffer = 78.57514800000001 sec
2021-01-11 10:39:35,202:INFO:Segment number 21: 
2021-01-11 10:39:35,202:INFO:Request sent (request url: 'http://ftp.itec.aau.at/datasets/DASHDataset2014/BigBuckBunny/4sec/bunny_3936261bps/BigBuckBunny_4s21.m4s')
2021-01-11 10:39:35,824:INFO:Response received.
2021-01-11 10:39:35,825:INFO:Response size: 1619681 bytes
2021-01-11 10:39:35,825:INFO:Response time: 0.059902 seconds
2021-01-11 10:39:35,825:INFO:User's bandwidth: 216310774.26463225 bps
2021-01-11 10:39:35,825:INFO:Buffer = 82.51524600000002 sec
2021-01-11 10:39:35,825:INFO:Segment number 22: 
2021-01-11 10:39:35,825:INFO:Request sent (request url: 'http://ftp.itec.aau.at/datasets/DASHDataset2014/BigBuckBunny/4sec/bunny_3936261bps/BigBuckBunny_4s22.m4s')
2021-01-11 10:39:36,222:INFO:Response received.
2021-01-11 10:39:36,222:INFO:Response size: 650867 bytes
2021-01-11 10:39:36,222:INFO:Response time: 0.084799 seconds
2021-01-11 10:39:36,222:INFO:User's bandwidth: 61403271.264991336 bps
2021-01-11 10:39:36,222:INFO:Buffer = 86.43044700000002 sec
2021-01-11 10:39:36,222:INFO:Segment number 23: 
2021-01-11 10:39:36,223:INFO:Request sent (request url: 'http://ftp.itec.aau.at/datasets/DASHDataset2014/BigBuckBunny/4sec/bunny_3936261bps/BigBuckBunny_4s23.m4s')
2021-01-11 10:39:36,820:INFO:Response received.
2021-01-11 10:39:36,821:INFO:Response size: 1160655 bytes
2021-01-11 10:39:36,821:INFO:Response time: 0.085613 seconds
2021-01-11 10:39:36,821:INFO:User's bandwidth: 108455958.79130507 bps
2021-01-11 10:39:36,821:INFO:Buffer = 90.34483400000002 sec
2021-01-11 10:39:36,821:INFO:Segment number 24: 
2021-01-11 10:39:36,821:INFO:Request sent (request url: 'http://ftp.itec.aau.at/datasets/DASHDataset2014/BigBuckBunny/4sec/bunny_3936261bps/BigBuckBunny_4s24.m4s')
2021-01-11 10:39:37,168:INFO:Response received.
2021-01-11 10:39:37,169:INFO:Response size: 572511 bytes
2021-01-11 10:39:37,169:INFO:Response time: 0.06699 seconds
2021-01-11 10:39:37,169:INFO:User's bandwidth: 68369726.82489924 bps
2021-01-11 10:39:37,169:INFO:Buffer = 94.27784400000002 sec
2021-01-11 10:39:37,169:INFO:Segment number 25: 
2021-01-11 10:39:37,169:INFO:Request sent (request url: 'http://ftp.itec.aau.at/datasets/DASHDataset2014/BigBuckBunny/4sec/bunny_3936261bps/BigBuckBunny_4s25.m4s')
2021-01-11 10:39:37,717:INFO:Response received.
2021-01-11 10:39:37,718:INFO:Response size: 870310 bytes
2021-01-11 10:39:37,718:INFO:Response time: 0.093751 seconds
2021-01-11 10:39:37,718:INFO:User's bandwidth: 74265661.1662809 bps
2021-01-11 10:39:37,718:INFO:Buffer = 98.18409300000002 sec
2021-01-11 10:39:37,718:INFO:Segment number 26: 
2021-01-11 10:39:37,718:INFO:Request sent (request url: 'http://ftp.itec.aau.at/datasets/DASHDataset2014/BigBuckBunny/4sec/bunny_3936261bps/BigBuckBunny_4s26.m4s')
2021-01-11 10:39:38,309:INFO:Response received.
2021-01-11 10:39:38,310:INFO:Response size: 1262434 bytes
2021-01-11 10:39:38,310:INFO:Response time: 0.069713 seconds
2021-01-11 10:39:38,310:INFO:User's bandwidth: 144872147.23222354 bps
2021-01-11 10:39:38,310:INFO:Buffer = 102.11438000000003 sec
2021-01-11 10:39:38,310:INFO:Segment number 27: 
2021-01-11 10:39:38,310:INFO:Request sent (request url: 'http://ftp.itec.aau.at/datasets/DASHDataset2014/BigBuckBunny/4sec/bunny_3936261bps/BigBuckBunny_4s27.m4s')
2021-01-11 10:39:38,862:INFO:Response received.
2021-01-11 10:39:38,862:INFO:Response size: 963281 bytes
2021-01-11 10:39:38,862:INFO:Response time: 0.070419 seconds
2021-01-11 10:39:38,863:INFO:User's bandwidth: 109434215.19760293 bps
2021-01-11 10:39:38,863:INFO:Buffer = 106.04396100000002 sec
2021-01-11 10:39:38,863:INFO:Segment number 28: 
2021-01-11 10:39:38,863:INFO:Request sent (request url: 'http://ftp.itec.aau.at/datasets/DASHDataset2014/BigBuckBunny/4sec/bunny_3936261bps/BigBuckBunny_4s28.m4s')
2021-01-11 10:39:39,341:INFO:Response received.
2021-01-11 10:39:39,342:INFO:Response size: 872918 bytes
2021-01-11 10:39:39,342:INFO:Response time: 0.086422 seconds
2021-01-11 10:39:39,342:INFO:User's bandwidth: 80805165.35141516 bps
2021-01-11 10:39:39,342:INFO:Buffer = 109.95753900000003 sec
2021-01-11 10:39:39,342:INFO:Segment number 29: 
2021-01-11 10:39:39,342:INFO:Request sent (request url: 'http://ftp.itec.aau.at/datasets/DASHDataset2014/BigBuckBunny/4sec/bunny_3936261bps/BigBuckBunny_4s29.m4s')
2021-01-11 10:39:40,050:INFO:Response received.
2021-01-11 10:39:40,050:INFO:Response size: 1630472 bytes
2021-01-11 10:39:40,051:INFO:Response time: 0.080004 seconds
2021-01-11 10:39:40,051:INFO:User's bandwidth: 163039048.04759762 bps
2021-01-11 10:39:40,051:INFO:Buffer = 113.87753500000002 sec
2021-01-11 10:39:40,051:INFO:Segment number 30: 
2021-01-11 10:39:40,051:INFO:Request sent (request url: 'http://ftp.itec.aau.at/datasets/DASHDataset2014/BigBuckBunny/4sec/bunny_3936261bps/BigBuckBunny_4s30.m4s')
2021-01-11 10:39:40,997:INFO:Response received.
2021-01-11 10:39:40,997:INFO:Response size: 2850980 bytes
2021-01-11 10:39:40,997:INFO:Response time: 0.059616 seconds
2021-01-11 10:39:40,997:INFO:User's bandwidth: 382579173.3762748 bps
2021-01-11 10:39:40,997:INFO:Buffer = 117.81791900000002 sec
2021-01-11 10:39:40,997:INFO:Segment number 31: 
2021-01-11 10:39:40,997:INFO:Request sent (request url: 'http://ftp.itec.aau.at/datasets/DASHDataset2014/BigBuckBunny/4sec/bunny_3936261bps/BigBuckBunny_4s31.m4s')
2021-01-11 10:39:41,696:INFO:Response received.
2021-01-11 10:39:41,697:INFO:Response size: 1965084 bytes
2021-01-11 10:39:41,697:INFO:Response time: 0.060987 seconds
2021-01-11 10:39:41,697:INFO:User's bandwidth: 257770869.20163313 bps
2021-01-11 10:39:41,697:INFO:Buffer = 121.75693200000002 sec
2021-01-11 10:39:41,697:INFO:Segment number 32: 
2021-01-11 10:39:41,697:INFO:Request sent (request url: 'http://ftp.itec.aau.at/datasets/DASHDataset2014/BigBuckBunny/4sec/bunny_3936261bps/BigBuckBunny_4s32.m4s')
2021-01-11 10:39:42,205:INFO:Response received.
2021-01-11 10:39:42,205:INFO:Response size: 1476963 bytes
2021-01-11 10:39:42,205:INFO:Response time: 0.071222 seconds
2021-01-11 10:39:42,205:INFO:User's bandwidth: 165899637.7523799 bps
2021-01-11 10:39:42,205:INFO:Buffer = 125.68571000000001 sec
2021-01-11 10:39:42,206:INFO:Segment number 33: 
2021-01-11 10:39:42,206:INFO:Request sent (request url: 'http://ftp.itec.aau.at/datasets/DASHDataset2014/BigBuckBunny/4sec/bunny_3936261bps/BigBuckBunny_4s33.m4s')
2021-01-11 10:39:42,840:INFO:Response received.
2021-01-11 10:39:42,840:INFO:Response size: 1407506 bytes
2021-01-11 10:39:42,840:INFO:Response time: 0.065645 seconds
2021-01-11 10:39:42,840:INFO:User's bandwidth: 171529408.1803641 bps
2021-01-11 10:39:42,840:INFO:Buffer = 129.62006500000004 sec
2021-01-11 10:39:42,840:INFO:Segment number 34: 
2021-01-11 10:39:42,841:INFO:Request sent (request url: 'http://ftp.itec.aau.at/datasets/DASHDataset2014/BigBuckBunny/4sec/bunny_3936261bps/BigBuckBunny_4s34.m4s')
2021-01-11 10:39:43,538:INFO:Response received.
2021-01-11 10:39:43,539:INFO:Response size: 1679963 bytes
2021-01-11 10:39:43,539:INFO:Response time: 0.070917 seconds
2021-01-11 10:39:43,539:INFO:User's bandwidth: 189513149.17438698 bps
2021-01-11 10:39:43,539:INFO:Buffer = 133.54914800000003 sec
2021-01-11 10:39:43,539:INFO:Segment number 35: 
2021-01-11 10:39:43,540:INFO:Request sent (request url: 'http://ftp.itec.aau.at/datasets/DASHDataset2014/BigBuckBunny/4sec/bunny_3936261bps/BigBuckBunny_4s35.m4s')
2021-01-11 10:39:44,208:INFO:Response received.
2021-01-11 10:39:44,209:INFO:Response size: 1727194 bytes
2021-01-11 10:39:44,209:INFO:Response time: 0.084173 seconds
2021-01-11 10:39:44,209:INFO:User's bandwidth: 164156582.27697718 bps
2021-01-11 10:39:44,209:INFO:Buffer = 137.46497500000004 sec
2021-01-11 10:39:44,209:INFO:Segment number 36: 
2021-01-11 10:39:44,209:INFO:Request sent (request url: 'http://ftp.itec.aau.at/datasets/DASHDataset2014/BigBuckBunny/4sec/bunny_3936261bps/BigBuckBunny_4s36.m4s')
2021-01-11 10:39:44,921:INFO:Response received.
2021-01-11 10:39:44,922:INFO:Response size: 1877015 bytes
2021-01-11 10:39:44,922:INFO:Response time: 0.064391 seconds
2021-01-11 10:39:44,922:INFO:User's bandwidth: 233202155.58074886 bps
2021-01-11 10:39:44,922:INFO:Buffer = 141.40058400000004 sec
2021-01-11 10:39:44,922:INFO:Segment number 37: 
2021-01-11 10:39:44,922:INFO:Request sent (request url: 'http://ftp.itec.aau.at/datasets/DASHDataset2014/BigBuckBunny/4sec/bunny_3936261bps/BigBuckBunny_4s37.m4s')
2021-01-11 10:39:45,566:INFO:Response received.
2021-01-11 10:39:45,567:INFO:Response size: 1584904 bytes
2021-01-11 10:39:45,567:INFO:Response time: 0.076647 seconds
2021-01-11 10:39:45,567:INFO:User's bandwidth: 165423721.7373152 bps
2021-01-11 10:39:45,567:INFO:Buffer = 145.32393700000003 sec
2021-01-11 10:39:45,567:INFO:Segment number 38: 
2021-01-11 10:39:45,567:INFO:Request sent (request url: 'http://ftp.itec.aau.at/datasets/DASHDataset2014/BigBuckBunny/4sec/bunny_3936261bps/BigBuckBunny_4s38.m4s')
2021-01-11 10:39:46,138:INFO:Response received.
2021-01-11 10:39:46,139:INFO:Response size: 1477670 bytes
2021-01-11 10:39:46,139:INFO:Response time: 0.073184 seconds
2021-01-11 10:39:46,139:INFO:User's bandwidth: 161529296.0209882 bps
2021-01-11 10:39:46,139:INFO:Buffer = 149.25075300000003 sec
2021-01-11 10:39:46,139:INFO:Segment number 39: 
2021-01-11 10:39:46,139:INFO:Request sent (request url: 'http://ftp.itec.aau.at/datasets/DASHDataset2014/BigBuckBunny/4sec/bunny_3936261bps/BigBuckBunny_4s39.m4s')
2021-01-11 10:39:46,728:INFO:Response received.
2021-01-11 10:39:46,728:INFO:Response size: 1662175 bytes
2021-01-11 10:39:46,729:INFO:Response time: 0.089019 seconds
2021-01-11 10:39:46,729:INFO:User's bandwidth: 149377099.27094215 bps
2021-01-11 10:39:46,729:INFO:Buffer = 153.16173400000002 sec
2021-01-11 10:39:46,729:INFO:Segment number 40: 
2021-01-11 10:39:46,729:INFO:Request sent (request url: 'http://ftp.itec.aau.at/datasets/DASHDataset2014/BigBuckBunny/4sec/bunny_3936261bps/BigBuckBunny_4s40.m4s')
2021-01-11 10:39:47,101:INFO:Response received.
2021-01-11 10:39:47,101:INFO:Response size: 771265 bytes
2021-01-11 10:39:47,101:INFO:Response time: 0.086207 seconds
2021-01-11 10:39:47,101:INFO:User's bandwidth: 71573306.11203267 bps
2021-01-11 10:39:47,102:INFO:Buffer = 157.07552700000002 sec
2021-01-11 10:39:47,102:INFO:Segment number 41: 
2021-01-11 10:39:47,102:INFO:Request sent (request url: 'http://ftp.itec.aau.at/datasets/DASHDataset2014/BigBuckBunny/4sec/bunny_3936261bps/BigBuckBunny_4s41.m4s')
2021-01-11 10:39:47,628:INFO:Response received.
2021-01-11 10:39:47,629:INFO:Response size: 1779772 bytes
2021-01-11 10:39:47,629:INFO:Response time: 0.05698 seconds
2021-01-11 10:39:47,629:INFO:User's bandwidth: 249880238.68023866 bps
2021-01-11 10:39:47,629:INFO:Buffer = 161.018547 sec
2021-01-11 10:39:47,629:INFO:Segment number 42: 
2021-01-11 10:39:47,629:INFO:Request sent (request url: 'http://ftp.itec.aau.at/datasets/DASHDataset2014/BigBuckBunny/4sec/bunny_3936261bps/BigBuckBunny_4s42.m4s')
2021-01-11 10:39:48,193:INFO:Response received.
2021-01-11 10:39:48,193:INFO:Response size: 1228528 bytes
2021-01-11 10:39:48,193:INFO:Response time: 0.103237 seconds
2021-01-11 10:39:48,193:INFO:User's bandwidth: 95200596.68529694 bps
2021-01-11 10:39:48,194:INFO:Buffer = 164.91531 sec
2021-01-11 10:39:48,194:INFO:Segment number 43: 
2021-01-11 10:39:48,194:INFO:Request sent (request url: 'http://ftp.itec.aau.at/datasets/DASHDataset2014/BigBuckBunny/4sec/bunny_3936261bps/BigBuckBunny_4s43.m4s')
2021-01-11 10:39:48,687:INFO:Response received.
2021-01-11 10:39:48,688:INFO:Response size: 1126162 bytes
2021-01-11 10:39:48,688:INFO:Response time: 0.079643 seconds
2021-01-11 10:39:48,688:INFO:User's bandwidth: 113121002.47353816 bps
2021-01-11 10:39:48,688:INFO:Buffer = 168.835667 sec
2021-01-11 10:39:48,688:INFO:Segment number 44: 
2021-01-11 10:39:48,688:INFO:Request sent (request url: 'http://ftp.itec.aau.at/datasets/DASHDataset2014/BigBuckBunny/4sec/bunny_3936261bps/BigBuckBunny_4s44.m4s')
2021-01-11 10:39:49,102:INFO:Response received.
2021-01-11 10:39:49,102:INFO:Response size: 889868 bytes
2021-01-11 10:39:49,103:INFO:Response time: 0.077391 seconds
2021-01-11 10:39:49,103:INFO:User's bandwidth: 91986716.80169529 bps
2021-01-11 10:39:49,103:INFO:Buffer = 172.758276 sec
2021-01-11 10:39:49,103:INFO:Segment number 45: 
2021-01-11 10:39:49,103:INFO:Request sent (request url: 'http://ftp.itec.aau.at/datasets/DASHDataset2014/BigBuckBunny/4sec/bunny_3936261bps/BigBuckBunny_4s45.m4s')
2021-01-11 10:39:49,736:INFO:Response received.
2021-01-11 10:39:49,737:INFO:Response size: 1765637 bytes
2021-01-11 10:39:49,737:INFO:Response time: 0.070957 seconds
2021-01-11 10:39:49,737:INFO:User's bandwidth: 199065574.92565918 bps
2021-01-11 10:39:49,737:INFO:Buffer = 176.687319 sec
2021-01-11 10:39:49,737:INFO:Segment number 46: 
2021-01-11 10:39:49,737:INFO:Request sent (request url: 'http://ftp.itec.aau.at/datasets/DASHDataset2014/BigBuckBunny/4sec/bunny_3936261bps/BigBuckBunny_4s46.m4s')
2021-01-11 10:39:50,382:INFO:Response received.
2021-01-11 10:39:50,382:INFO:Response size: 2135433 bytes
2021-01-11 10:39:50,383:INFO:Response time: 0.065169 seconds
2021-01-11 10:39:50,383:INFO:User's bandwidth: 262140956.5897896 bps
2021-01-11 10:39:50,383:INFO:Buffer = 180.62215 sec
2021-01-11 10:39:50,383:INFO:Segment number 47: 
2021-01-11 10:39:50,383:INFO:Request sent (request url: 'http://ftp.itec.aau.at/datasets/DASHDataset2014/BigBuckBunny/4sec/bunny_3936261bps/BigBuckBunny_4s47.m4s')
2021-01-11 10:39:51,039:INFO:Response received.
2021-01-11 10:39:51,039:INFO:Response size: 2205634 bytes
2021-01-11 10:39:51,040:INFO:Response time: 0.077771 seconds
2021-01-11 10:39:51,040:INFO:User's bandwidth: 226884982.83421838 bps
2021-01-11 10:39:51,040:INFO:Buffer = 184.544379 sec
2021-01-11 10:39:51,040:INFO:Segment number 48: 
2021-01-11 10:39:51,040:INFO:Request sent (request url: 'http://ftp.itec.aau.at/datasets/DASHDataset2014/BigBuckBunny/4sec/bunny_3936261bps/BigBuckBunny_4s48.m4s')
2021-01-11 10:39:51,459:INFO:Response received.
2021-01-11 10:39:51,459:INFO:Response size: 1028493 bytes
2021-01-11 10:39:51,460:INFO:Response time: 0.063474 seconds
2021-01-11 10:39:51,460:INFO:User's bandwidth: 129626996.88061252 bps
2021-01-11 10:39:51,460:INFO:Buffer = 188.48090499999998 sec
2021-01-11 10:39:51,460:INFO:Segment number 49: 
2021-01-11 10:39:51,460:INFO:Request sent (request url: 'http://ftp.itec.aau.at/datasets/DASHDataset2014/BigBuckBunny/4sec/bunny_3936261bps/BigBuckBunny_4s49.m4s')
2021-01-11 10:39:52,187:INFO:Response received.
2021-01-11 10:39:52,188:INFO:Response size: 2478806 bytes
2021-01-11 10:39:52,188:INFO:Response time: 0.065653 seconds
2021-01-11 10:39:52,188:INFO:User's bandwidth: 302049380.8356054 bps
2021-01-11 10:39:52,188:INFO:Buffer = 192.41525199999998 sec
2021-01-11 10:39:52,188:INFO:Segment number 50: 
2021-01-11 10:39:52,188:INFO:Request sent (request url: 'http://ftp.itec.aau.at/datasets/DASHDataset2014/BigBuckBunny/4sec/bunny_3936261bps/BigBuckBunny_4s50.m4s')
2021-01-11 10:39:52,661:INFO:Response received.
2021-01-11 10:39:52,662:INFO:Response size: 1392566 bytes
2021-01-11 10:39:52,662:INFO:Response time: 0.064487 seconds
2021-01-11 10:39:52,662:INFO:User's bandwidth: 172756183.4168127 bps
2021-01-11 10:39:52,662:INFO:Buffer = 196.35076499999997 sec
2021-01-11 10:39:52,662:INFO:Segment number 51: 
2021-01-11 10:39:52,662:INFO:Request sent (request url: 'http://ftp.itec.aau.at/datasets/DASHDataset2014/BigBuckBunny/4sec/bunny_3936261bps/BigBuckBunny_4s51.m4s')
2021-01-11 10:39:53,098:INFO:Response received.
2021-01-11 10:39:53,098:INFO:Response size: 1181231 bytes
2021-01-11 10:39:53,098:INFO:Response time: 0.063034 seconds
2021-01-11 10:39:53,099:INFO:User's bandwidth: 149916679.8870451 bps
2021-01-11 10:39:53,099:INFO:Buffer = 200.28773099999998 sec
2021-01-11 10:39:53,099:INFO:Segment number 52: 
2021-01-11 10:39:53,099:INFO:Request sent (request url: 'http://ftp.itec.aau.at/datasets/DASHDataset2014/BigBuckBunny/4sec/bunny_3936261bps/BigBuckBunny_4s52.m4s')
2021-01-11 10:39:53,583:INFO:Response received.
2021-01-11 10:39:53,583:INFO:Response size: 1191607 bytes
2021-01-11 10:39:53,583:INFO:Response time: 0.113885 seconds
2021-01-11 10:39:53,583:INFO:User's bandwidth: 83705984.10677437 bps
2021-01-11 10:39:53,583:INFO:Buffer = 204.17384599999997 sec
2021-01-11 10:39:53,584:INFO:Segment number 53: 
2021-01-11 10:39:53,584:INFO:Request sent (request url: 'http://ftp.itec.aau.at/datasets/DASHDataset2014/BigBuckBunny/4sec/bunny_3936261bps/BigBuckBunny_4s53.m4s')
2021-01-11 10:39:54,258:INFO:Response received.
2021-01-11 10:39:54,258:INFO:Response size: 2182630 bytes
2021-01-11 10:39:54,258:INFO:Response time: 0.095204 seconds
2021-01-11 10:39:54,259:INFO:User's bandwidth: 183406579.55548087 bps
2021-01-11 10:39:54,259:INFO:Buffer = 208.07864199999997 sec
2021-01-11 10:39:54,259:INFO:Segment number 54: 
2021-01-11 10:39:54,259:INFO:Request sent (request url: 'http://ftp.itec.aau.at/datasets/DASHDataset2014/BigBuckBunny/4sec/bunny_3936261bps/BigBuckBunny_4s54.m4s')
2021-01-11 10:39:54,856:INFO:Response received.
2021-01-11 10:39:54,856:INFO:Response size: 2146820 bytes
2021-01-11 10:39:54,856:INFO:Response time: 0.100314 seconds
2021-01-11 10:39:54,857:INFO:User's bandwidth: 171208006.85846442 bps
2021-01-11 10:39:54,857:INFO:Buffer = 211.97832799999998 sec
2021-01-11 10:39:54,857:INFO:Segment number 55: 
2021-01-11 10:39:54,857:INFO:Request sent (request url: 'http://ftp.itec.aau.at/datasets/DASHDataset2014/BigBuckBunny/4sec/bunny_3936261bps/BigBuckBunny_4s55.m4s')
2021-01-11 10:39:55,331:INFO:Response received.
2021-01-11 10:39:55,332:INFO:Response size: 1358854 bytes
2021-01-11 10:39:55,332:INFO:Response time: 0.06954 seconds
2021-01-11 10:39:55,332:INFO:User's bandwidth: 156324877.76819095 bps
2021-01-11 10:39:55,332:INFO:Buffer = 215.908788 sec
2021-01-11 10:39:55,333:INFO:Segment number 56: 
2021-01-11 10:39:55,333:INFO:Request sent (request url: 'http://ftp.itec.aau.at/datasets/DASHDataset2014/BigBuckBunny/4sec/bunny_3936261bps/BigBuckBunny_4s56.m4s')
2021-01-11 10:39:55,696:INFO:Response received.
2021-01-11 10:39:55,696:INFO:Response size: 904852 bytes
2021-01-11 10:39:55,696:INFO:Response time: 0.063454 seconds
2021-01-11 10:39:55,697:INFO:User's bandwidth: 114079742.80581209 bps
2021-01-11 10:39:55,697:INFO:Buffer = 219.84533399999998 sec
2021-01-11 10:39:55,697:INFO:Segment number 57: 
2021-01-11 10:39:55,697:INFO:Request sent (request url: 'http://ftp.itec.aau.at/datasets/DASHDataset2014/BigBuckBunny/4sec/bunny_3936261bps/BigBuckBunny_4s57.m4s')
2021-01-11 10:39:56,391:INFO:Response received.
2021-01-11 10:39:56,391:INFO:Response size: 2531784 bytes
2021-01-11 10:39:56,392:INFO:Response time: 0.063896 seconds
2021-01-11 10:39:56,392:INFO:User's bandwidth: 316988105.6717166 bps
2021-01-11 10:39:56,392:INFO:Buffer = 223.78143799999998 sec
2021-01-11 10:39:56,392:INFO:Segment number 58: 
2021-01-11 10:39:56,392:INFO:Request sent (request url: 'http://ftp.itec.aau.at/datasets/DASHDataset2014/BigBuckBunny/4sec/bunny_3936261bps/BigBuckBunny_4s58.m4s')
2021-01-11 10:39:56,861:INFO:Response received.
2021-01-11 10:39:56,862:INFO:Response size: 1333306 bytes
2021-01-11 10:39:56,862:INFO:Response time: 0.082243 seconds
2021-01-11 10:39:56,862:INFO:User's bandwidth: 129694296.17110272 bps
2021-01-11 10:39:56,862:INFO:Buffer = 227.69919499999997 sec
2021-01-11 10:39:56,862:INFO:Segment number 59: 
2021-01-11 10:39:56,862:INFO:Request sent (request url: 'http://ftp.itec.aau.at/datasets/DASHDataset2014/BigBuckBunny/4sec/bunny_3936261bps/BigBuckBunny_4s59.m4s')
2021-01-11 10:39:57,351:INFO:Response received.
2021-01-11 10:39:57,351:INFO:Response size: 1317299 bytes
2021-01-11 10:39:57,351:INFO:Response time: 0.06993 seconds
2021-01-11 10:39:57,352:INFO:User's bandwidth: 150699156.29915628 bps
2021-01-11 10:39:57,352:INFO:Buffer = 231.62926499999998 sec
2021-01-11 10:39:57,352:INFO:Segment number 60: 
2021-01-11 10:39:57,352:INFO:Request sent (request url: 'http://ftp.itec.aau.at/datasets/DASHDataset2014/BigBuckBunny/4sec/bunny_3936261bps/BigBuckBunny_4s60.m4s')
2021-01-11 10:39:57,716:INFO:Response received.
2021-01-11 10:39:57,716:INFO:Response size: 969812 bytes
2021-01-11 10:39:57,716:INFO:Response time: 0.063835 seconds
2021-01-11 10:39:57,717:INFO:User's bandwidth: 121539844.91266546 bps
2021-01-11 10:39:57,717:INFO:Buffer = 235.56542999999996 sec
2021-01-11 10:39:57,717:INFO:Segment number 61: 
2021-01-11 10:39:57,717:INFO:Request sent (request url: 'http://ftp.itec.aau.at/datasets/DASHDataset2014/BigBuckBunny/4sec/bunny_3936261bps/BigBuckBunny_4s61.m4s')
2021-01-11 10:39:58,510:INFO:Response received.
2021-01-11 10:39:58,511:INFO:Response size: 2444550 bytes
2021-01-11 10:39:58,511:INFO:Response time: 0.093661 seconds
2021-01-11 10:39:58,511:INFO:User's bandwidth: 208799820.62971783 bps
2021-01-11 10:39:58,511:INFO:Buffer = 239.47176899999997 sec
2021-01-11 10:39:58,511:INFO:Segment number 62: 
2021-01-11 10:39:58,511:INFO:Request sent (request url: 'http://ftp.itec.aau.at/datasets/DASHDataset2014/BigBuckBunny/4sec/bunny_3936261bps/BigBuckBunny_4s62.m4s')
2021-01-11 10:39:59,202:INFO:Response received.
2021-01-11 10:39:59,202:INFO:Response size: 2487801 bytes
2021-01-11 10:39:59,203:INFO:Response time: 0.07123 seconds
2021-01-11 10:39:59,203:INFO:User's bandwidth: 279410473.1152604 bps
2021-01-11 10:39:59,203:INFO:Buffer = 243.40053899999995 sec
2021-01-11 10:39:59,203:INFO:Segment number 63: 
2021-01-11 10:39:59,203:INFO:Request sent (request url: 'http://ftp.itec.aau.at/datasets/DASHDataset2014/BigBuckBunny/4sec/bunny_3936261bps/BigBuckBunny_4s63.m4s')
2021-01-11 10:39:59,738:INFO:Response received.
2021-01-11 10:39:59,738:INFO:Response size: 1618694 bytes
2021-01-11 10:39:59,739:INFO:Response time: 0.070029 seconds
2021-01-11 10:39:59,739:INFO:User's bandwidth: 184916991.53207958 bps
2021-01-11 10:39:59,739:INFO:Buffer = 247.33050999999995 sec
2021-01-11 10:39:59,739:INFO:Segment number 64: 
2021-01-11 10:39:59,739:INFO:Request sent (request url: 'http://ftp.itec.aau.at/datasets/DASHDataset2014/BigBuckBunny/4sec/bunny_3936261bps/BigBuckBunny_4s64.m4s')
2021-01-11 10:40:00,285:INFO:Response received.
2021-01-11 10:40:00,286:INFO:Response size: 1641969 bytes
2021-01-11 10:40:00,286:INFO:Response time: 0.071409 seconds
2021-01-11 10:40:00,286:INFO:User's bandwidth: 183950930.55497205 bps
2021-01-11 10:40:00,286:INFO:Buffer = 251.25910099999996 sec
2021-01-11 10:40:00,286:INFO:Segment number 65: 
2021-01-11 10:40:00,286:INFO:Request sent (request url: 'http://ftp.itec.aau.at/datasets/DASHDataset2014/BigBuckBunny/4sec/bunny_3936261bps/BigBuckBunny_4s65.m4s')
2021-01-11 10:40:00,902:INFO:Response received.
2021-01-11 10:40:00,902:INFO:Response size: 1866378 bytes
2021-01-11 10:40:00,903:INFO:Response time: 0.084417 seconds
2021-01-11 10:40:00,903:INFO:User's bandwidth: 176872241.3731831 bps
2021-01-11 10:40:00,903:INFO:Buffer = 255.17468399999996 sec
2021-01-11 10:40:00,903:INFO:Segment number 66: 
2021-01-11 10:40:00,903:INFO:Request sent (request url: 'http://ftp.itec.aau.at/datasets/DASHDataset2014/BigBuckBunny/4sec/bunny_3936261bps/BigBuckBunny_4s66.m4s')
2021-01-11 10:40:01,469:INFO:Response received.
2021-01-11 10:40:01,502:INFO:Response size: 1648710 bytes
2021-01-11 10:40:01,502:INFO:Response time: 0.063196 seconds
2021-01-11 10:40:01,503:INFO:User's bandwidth: 208710677.89100575 bps
2021-01-11 10:40:01,503:INFO:Buffer = 259.11148799999995 sec
2021-01-11 10:40:01,503:INFO:Segment number 67: 
2021-01-11 10:40:01,503:INFO:Request sent (request url: 'http://ftp.itec.aau.at/datasets/DASHDataset2014/BigBuckBunny/4sec/bunny_3936261bps/BigBuckBunny_4s67.m4s')
2021-01-11 10:40:02,049:INFO:Response received.
2021-01-11 10:40:02,050:INFO:Response size: 1464573 bytes
2021-01-11 10:40:02,050:INFO:Response time: 0.078684 seconds
2021-01-11 10:40:02,050:INFO:User's bandwidth: 148906817.14198565 bps
2021-01-11 10:40:02,050:INFO:Buffer = 263.03280399999994 sec
2021-01-11 10:40:02,050:INFO:Segment number 68: 
2021-01-11 10:40:02,050:INFO:Request sent (request url: 'http://ftp.itec.aau.at/datasets/DASHDataset2014/BigBuckBunny/4sec/bunny_3936261bps/BigBuckBunny_4s68.m4s')
2021-01-11 10:40:02,810:INFO:Response received.
2021-01-11 10:40:02,810:INFO:Response size: 2571868 bytes
2021-01-11 10:40:02,810:INFO:Response time: 0.073085 seconds
2021-01-11 10:40:02,811:INFO:User's bandwidth: 281520749.8118629 bps
2021-01-11 10:40:02,811:INFO:Buffer = 266.95971899999995 sec
2021-01-11 10:40:02,811:INFO:Segment number 69: 
2021-01-11 10:40:02,811:INFO:Request sent (request url: 'http://ftp.itec.aau.at/datasets/DASHDataset2014/BigBuckBunny/4sec/bunny_3936261bps/BigBuckBunny_4s69.m4s')
2021-01-11 10:40:03,582:INFO:Response received.
2021-01-11 10:40:03,582:INFO:Response size: 2779961 bytes
2021-01-11 10:40:03,583:INFO:Response time: 0.069325 seconds
2021-01-11 10:40:03,583:INFO:User's bandwidth: 320803288.85683376 bps
2021-01-11 10:40:03,583:INFO:Buffer = 270.89039399999996 sec
2021-01-11 10:40:03,583:INFO:Segment number 70: 
2021-01-11 10:40:03,583:INFO:Request sent (request url: 'http://ftp.itec.aau.at/datasets/DASHDataset2014/BigBuckBunny/4sec/bunny_3936261bps/BigBuckBunny_4s70.m4s')
2021-01-11 10:40:04,191:INFO:Response received.
2021-01-11 10:40:04,192:INFO:Response size: 2069221 bytes
2021-01-11 10:40:04,192:INFO:Response time: 0.066916 seconds
2021-01-11 10:40:04,192:INFO:User's bandwidth: 247381313.8860661 bps
2021-01-11 10:40:04,192:INFO:Buffer = 274.82347799999997 sec
2021-01-11 10:40:04,192:INFO:Segment number 71: 
2021-01-11 10:40:04,192:INFO:Request sent (request url: 'http://ftp.itec.aau.at/datasets/DASHDataset2014/BigBuckBunny/4sec/bunny_3936261bps/BigBuckBunny_4s71.m4s')
2021-01-11 10:40:04,848:INFO:Response received.
2021-01-11 10:40:04,848:INFO:Response size: 2313900 bytes
2021-01-11 10:40:04,848:INFO:Response time: 0.071597 seconds
2021-01-11 10:40:04,848:INFO:User's bandwidth: 258547145.83013257 bps
2021-01-11 10:40:04,849:INFO:Buffer = 278.75188099999997 sec
2021-01-11 10:40:04,849:INFO:Segment number 72: 
2021-01-11 10:40:04,849:INFO:Request sent (request url: 'http://ftp.itec.aau.at/datasets/DASHDataset2014/BigBuckBunny/4sec/bunny_3936261bps/BigBuckBunny_4s72.m4s')
2021-01-11 10:40:05,318:INFO:Response received.
2021-01-11 10:40:05,318:INFO:Response size: 1423102 bytes
2021-01-11 10:40:05,318:INFO:Response time: 0.082754 seconds
2021-01-11 10:40:05,319:INFO:User's bandwidth: 137574207.89327404 bps
2021-01-11 10:40:05,319:INFO:Buffer = 282.66912699999995 sec
2021-01-11 10:40:05,319:INFO:Segment number 73: 
2021-01-11 10:40:05,319:INFO:Request sent (request url: 'http://ftp.itec.aau.at/datasets/DASHDataset2014/BigBuckBunny/4sec/bunny_3936261bps/BigBuckBunny_4s73.m4s')
2021-01-11 10:40:05,746:INFO:Response received.
2021-01-11 10:40:05,747:INFO:Response size: 998236 bytes
2021-01-11 10:40:05,747:INFO:Response time: 0.092936 seconds
2021-01-11 10:40:05,747:INFO:User's bandwidth: 85928897.30567272 bps
2021-01-11 10:40:05,747:INFO:Buffer = 286.57619099999994 sec
2021-01-11 10:40:05,747:INFO:Segment number 74: 
2021-01-11 10:40:05,747:INFO:Request sent (request url: 'http://ftp.itec.aau.at/datasets/DASHDataset2014/BigBuckBunny/4sec/bunny_3936261bps/BigBuckBunny_4s74.m4s')
2021-01-11 10:40:06,282:INFO:Response received.
2021-01-11 10:40:06,283:INFO:Response size: 2015158 bytes
2021-01-11 10:40:06,283:INFO:Response time: 0.063636 seconds
2021-01-11 10:40:06,284:INFO:User's bandwidth: 253335596.20340687 bps
2021-01-11 10:40:06,284:INFO:Buffer = 290.51255499999996 sec
2021-01-11 10:40:06,284:INFO:Segment number 75: 
2021-01-11 10:40:06,284:INFO:Request sent (request url: 'http://ftp.itec.aau.at/datasets/DASHDataset2014/BigBuckBunny/4sec/bunny_3936261bps/BigBuckBunny_4s75.m4s')
2021-01-11 10:40:06,795:INFO:Response received.
2021-01-11 10:40:06,796:INFO:Response size: 1530464 bytes
2021-01-11 10:40:06,796:INFO:Response time: 0.090714 seconds
2021-01-11 10:40:06,796:INFO:User's bandwidth: 134970478.64717683 bps
2021-01-11 10:40:06,796:INFO:Buffer = 294.421841 sec
2021-01-11 10:40:06,796:INFO:Segment number 76: 
2021-01-11 10:40:06,796:INFO:Request sent (request url: 'http://ftp.itec.aau.at/datasets/DASHDataset2014/BigBuckBunny/4sec/bunny_3936261bps/BigBuckBunny_4s76.m4s')
2021-01-11 10:40:07,565:INFO:Response received.
2021-01-11 10:40:07,566:INFO:Response size: 3010399 bytes
2021-01-11 10:40:07,566:INFO:Response time: 0.070709 seconds
2021-01-11 10:40:07,566:INFO:User's bandwidth: 340595850.5989337 bps
2021-01-11 10:40:07,566:INFO:Buffer = 298.35113199999995 sec
2021-01-11 10:40:07,566:INFO:Segment number 77: 
2021-01-11 10:40:07,566:INFO:Request sent (request url: 'http://ftp.itec.aau.at/datasets/DASHDataset2014/BigBuckBunny/4sec/bunny_3936261bps/BigBuckBunny_4s77.m4s')
2021-01-11 10:40:08,199:INFO:Response received.
2021-01-11 10:40:08,199:INFO:Response size: 2424027 bytes
2021-01-11 10:40:08,199:INFO:Response time: 0.091801 seconds
2021-01-11 10:40:08,200:INFO:User's bandwidth: 211241881.89671138 bps
2021-01-11 10:40:08,200:INFO:Buffer = 302.259331 sec
2021-01-11 10:40:08,200:INFO:Segment number 78: 
2021-01-11 10:40:08,200:INFO:Request sent (request url: 'http://ftp.itec.aau.at/datasets/DASHDataset2014/BigBuckBunny/4sec/bunny_3936261bps/BigBuckBunny_4s78.m4s')
2021-01-11 10:40:08,764:INFO:Response received.
2021-01-11 10:40:08,765:INFO:Response size: 1855541 bytes
2021-01-11 10:40:08,765:INFO:Response time: 0.088766 seconds
2021-01-11 10:40:08,765:INFO:User's bandwidth: 167229885.31645 bps
2021-01-11 10:40:08,765:INFO:Buffer = 306.17056499999995 sec
2021-01-11 10:40:08,766:INFO:Segment number 79: 
2021-01-11 10:40:08,766:INFO:Request sent (request url: 'http://ftp.itec.aau.at/datasets/DASHDataset2014/BigBuckBunny/4sec/bunny_3936261bps/BigBuckBunny_4s79.m4s')
2021-01-11 10:40:09,476:INFO:Response received.
2021-01-11 10:40:09,477:INFO:Response size: 2719701 bytes
2021-01-11 10:40:09,477:INFO:Response time: 0.072623 seconds
2021-01-11 10:40:09,477:INFO:User's bandwidth: 299596656.70655304 bps
2021-01-11 10:40:09,477:INFO:Buffer = 310.09794199999993 sec
2021-01-11 10:40:09,477:INFO:Segment number 80: 
2021-01-11 10:40:09,477:INFO:Request sent (request url: 'http://ftp.itec.aau.at/datasets/DASHDataset2014/BigBuckBunny/4sec/bunny_3936261bps/BigBuckBunny_4s80.m4s')
2021-01-11 10:40:10,087:INFO:Response received.
2021-01-11 10:40:10,088:INFO:Response size: 2158517 bytes
2021-01-11 10:40:10,088:INFO:Response time: 0.075688 seconds
2021-01-11 10:40:10,088:INFO:User's bandwidth: 228148927.17471725 bps
2021-01-11 10:40:10,088:INFO:Buffer = 314.0222539999999 sec
2021-01-11 10:40:10,088:INFO:Segment number 81: 
2021-01-11 10:40:10,088:INFO:Request sent (request url: 'http://ftp.itec.aau.at/datasets/DASHDataset2014/BigBuckBunny/4sec/bunny_3936261bps/BigBuckBunny_4s81.m4s')
2021-01-11 10:40:10,643:INFO:Response received.
2021-01-11 10:40:10,644:INFO:Response size: 2113082 bytes
2021-01-11 10:40:10,644:INFO:Response time: 0.064211 seconds
2021-01-11 10:40:10,644:INFO:User's bandwidth: 263267290.65113452 bps
2021-01-11 10:40:10,644:INFO:Buffer = 317.9580429999999 sec
2021-01-11 10:40:10,644:INFO:Segment number 82: 
2021-01-11 10:40:10,644:INFO:Request sent (request url: 'http://ftp.itec.aau.at/datasets/DASHDataset2014/BigBuckBunny/4sec/bunny_3936261bps/BigBuckBunny_4s82.m4s')
2021-01-11 10:40:11,277:INFO:Response received.
2021-01-11 10:40:11,278:INFO:Response size: 2402861 bytes
2021-01-11 10:40:11,278:INFO:Response time: 0.085375 seconds
2021-01-11 10:40:11,278:INFO:User's bandwidth: 225158278.18448022 bps
2021-01-11 10:40:11,278:INFO:Buffer = 321.8726679999999 sec
2021-01-11 10:40:11,278:INFO:Segment number 83: 
2021-01-11 10:40:11,278:INFO:Request sent (request url: 'http://ftp.itec.aau.at/datasets/DASHDataset2014/BigBuckBunny/4sec/bunny_3936261bps/BigBuckBunny_4s83.m4s')
2021-01-11 10:40:11,805:INFO:Response received.
2021-01-11 10:40:11,806:INFO:Response size: 1958415 bytes
2021-01-11 10:40:11,806:INFO:Response time: 0.081715 seconds
2021-01-11 10:40:11,806:INFO:User's bandwidth: 191731261.0903751 bps
2021-01-11 10:40:11,806:INFO:Buffer = 325.79095299999994 sec
2021-01-11 10:40:11,806:INFO:Segment number 84: 
2021-01-11 10:40:11,807:INFO:Request sent (request url: 'http://ftp.itec.aau.at/datasets/DASHDataset2014/BigBuckBunny/4sec/bunny_3936261bps/BigBuckBunny_4s84.m4s')
2021-01-11 10:40:12,319:INFO:Response received.
2021-01-11 10:40:12,320:INFO:Response size: 1568346 bytes
2021-01-11 10:40:12,320:INFO:Response time: 0.082477 seconds
2021-01-11 10:40:12,320:INFO:User's bandwidth: 152124446.81547585 bps
2021-01-11 10:40:12,320:INFO:Buffer = 329.70847599999996 sec
2021-01-11 10:40:12,320:INFO:Segment number 85: 
2021-01-11 10:40:12,321:INFO:Request sent (request url: 'http://ftp.itec.aau.at/datasets/DASHDataset2014/BigBuckBunny/4sec/bunny_3936261bps/BigBuckBunny_4s85.m4s')
2021-01-11 10:40:12,718:INFO:Response received.
2021-01-11 10:40:12,719:INFO:Response size: 1094054 bytes
2021-01-11 10:40:12,719:INFO:Response time: 0.068913 seconds
2021-01-11 10:40:12,719:INFO:User's bandwidth: 127006979.81512922 bps
2021-01-11 10:40:12,719:INFO:Buffer = 333.63956299999995 sec
2021-01-11 10:40:12,719:INFO:Segment number 86: 
2021-01-11 10:40:12,720:INFO:Request sent (request url: 'http://ftp.itec.aau.at/datasets/DASHDataset2014/BigBuckBunny/4sec/bunny_3936261bps/BigBuckBunny_4s86.m4s')
2021-01-11 10:40:13,360:INFO:Response received.
2021-01-11 10:40:13,360:INFO:Response size: 2310130 bytes
2021-01-11 10:40:13,360:INFO:Response time: 0.069367 seconds
2021-01-11 10:40:13,360:INFO:User's bandwidth: 266424092.14756298 bps
2021-01-11 10:40:13,361:INFO:Buffer = 337.57019599999995 sec
2021-01-11 10:40:13,361:INFO:Segment number 87: 
2021-01-11 10:40:13,361:INFO:Request sent (request url: 'http://ftp.itec.aau.at/datasets/DASHDataset2014/BigBuckBunny/4sec/bunny_3936261bps/BigBuckBunny_4s87.m4s')
2021-01-11 10:40:14,210:INFO:Response received.
2021-01-11 10:40:14,210:INFO:Response size: 3765080 bytes
2021-01-11 10:40:14,210:INFO:Response time: 0.0652 seconds
2021-01-11 10:40:14,211:INFO:User's bandwidth: 461973006.13496935 bps
2021-01-11 10:40:14,211:INFO:Buffer = 341.50499599999995 sec
2021-01-11 10:40:14,211:INFO:Segment number 88: 
2021-01-11 10:40:14,211:INFO:Request sent (request url: 'http://ftp.itec.aau.at/datasets/DASHDataset2014/BigBuckBunny/4sec/bunny_3936261bps/BigBuckBunny_4s88.m4s')
2021-01-11 10:40:15,092:INFO:Response received.
2021-01-11 10:40:15,093:INFO:Response size: 3860288 bytes
2021-01-11 10:40:15,093:INFO:Response time: 0.068186 seconds
2021-01-11 10:40:15,093:INFO:User's bandwidth: 452912680.022292 bps
2021-01-11 10:40:15,093:INFO:Buffer = 345.4368099999999 sec
2021-01-11 10:40:15,093:INFO:Segment number 89: 
2021-01-11 10:40:15,093:INFO:Request sent (request url: 'http://ftp.itec.aau.at/datasets/DASHDataset2014/BigBuckBunny/4sec/bunny_3936261bps/BigBuckBunny_4s89.m4s')
2021-01-11 10:40:15,845:INFO:Response received.
2021-01-11 10:40:15,846:INFO:Response size: 3135697 bytes
2021-01-11 10:40:15,846:INFO:Response time: 0.079814 seconds
2021-01-11 10:40:15,846:INFO:User's bandwidth: 314300448.5428622 bps
2021-01-11 10:40:15,846:INFO:Buffer = 349.3569959999999 sec
2021-01-11 10:40:15,847:INFO:Segment number 90: 
2021-01-11 10:40:15,847:INFO:Request sent (request url: 'http://ftp.itec.aau.at/datasets/DASHDataset2014/BigBuckBunny/4sec/bunny_3936261bps/BigBuckBunny_4s90.m4s')
2021-01-11 10:40:16,576:INFO:Response received.
2021-01-11 10:40:16,576:INFO:Response size: 3519705 bytes
2021-01-11 10:40:16,577:INFO:Response time: 0.06182 seconds
2021-01-11 10:40:16,577:INFO:User's bandwidth: 455477838.8870916 bps
2021-01-11 10:40:16,577:INFO:Buffer = 353.2951759999999 sec
2021-01-11 10:40:16,577:INFO:Segment number 91: 
2021-01-11 10:40:16,577:INFO:Request sent (request url: 'http://ftp.itec.aau.at/datasets/DASHDataset2014/BigBuckBunny/4sec/bunny_3936261bps/BigBuckBunny_4s91.m4s')
2021-01-11 10:40:17,187:INFO:Response received.
2021-01-11 10:40:17,187:INFO:Response size: 2917959 bytes
2021-01-11 10:40:17,188:INFO:Response time: 0.08082 seconds
2021-01-11 10:40:17,188:INFO:User's bandwidth: 288835337.78767633 bps
2021-01-11 10:40:17,188:INFO:Buffer = 357.2143559999999 sec
2021-01-11 10:40:17,188:INFO:Segment number 92: 
2021-01-11 10:40:17,188:INFO:Request sent (request url: 'http://ftp.itec.aau.at/datasets/DASHDataset2014/BigBuckBunny/4sec/bunny_3936261bps/BigBuckBunny_4s92.m4s')
2021-01-11 10:40:18,022:INFO:Response received.
2021-01-11 10:40:18,022:INFO:Response size: 4031080 bytes
2021-01-11 10:40:18,023:INFO:Response time: 0.086483 seconds
2021-01-11 10:40:18,023:INFO:User's bandwidth: 372889932.1253888 bps
2021-01-11 10:40:18,023:INFO:Buffer = 361.1278729999999 sec
2021-01-11 10:40:18,023:INFO:Segment number 93: 
2021-01-11 10:40:18,023:INFO:Request sent (request url: 'http://ftp.itec.aau.at/datasets/DASHDataset2014/BigBuckBunny/4sec/bunny_3936261bps/BigBuckBunny_4s93.m4s')
2021-01-11 10:40:18,709:INFO:Response received.
2021-01-11 10:40:18,710:INFO:Response size: 2913249 bytes
2021-01-11 10:40:18,710:INFO:Response time: 0.087692 seconds
2021-01-11 10:40:18,710:INFO:User's bandwidth: 265771016.74040958 bps
2021-01-11 10:40:18,710:INFO:Buffer = 365.0401809999999 sec
2021-01-11 10:40:18,710:INFO:Segment number 94: 
2021-01-11 10:40:18,710:INFO:Request sent (request url: 'http://ftp.itec.aau.at/datasets/DASHDataset2014/BigBuckBunny/4sec/bunny_3936261bps/BigBuckBunny_4s94.m4s')
2021-01-11 10:40:19,127:INFO:Response received.
2021-01-11 10:40:19,129:INFO:Response size: 1721685 bytes
2021-01-11 10:40:19,129:INFO:Response time: 0.061446 seconds
2021-01-11 10:40:19,129:INFO:User's bandwidth: 224155844.15584415 bps
2021-01-11 10:40:19,129:INFO:Buffer = 368.9787349999999 sec
2021-01-11 10:40:19,129:INFO:Segment number 95: 
2021-01-11 10:40:19,129:INFO:Request sent (request url: 'http://ftp.itec.aau.at/datasets/DASHDataset2014/BigBuckBunny/4sec/bunny_3936261bps/BigBuckBunny_4s95.m4s')
2021-01-11 10:40:19,527:INFO:Response received.
2021-01-11 10:40:19,528:INFO:Response size: 1652611 bytes
2021-01-11 10:40:19,528:INFO:Response time: 0.0589 seconds
2021-01-11 10:40:19,528:INFO:User's bandwidth: 224463293.71816638 bps
2021-01-11 10:40:19,528:INFO:Buffer = 372.9198349999999 sec
2021-01-11 10:40:19,528:INFO:Segment number 96: 
2021-01-11 10:40:19,528:INFO:Request sent (request url: 'http://ftp.itec.aau.at/datasets/DASHDataset2014/BigBuckBunny/4sec/bunny_3936261bps/BigBuckBunny_4s96.m4s')
2021-01-11 10:40:19,922:INFO:Response received.
2021-01-11 10:40:19,923:INFO:Response size: 1215608 bytes
2021-01-11 10:40:19,923:INFO:Response time: 0.070916 seconds
2021-01-11 10:40:19,923:INFO:User's bandwidth: 137132156.35399628 bps
2021-01-11 10:40:19,923:INFO:Buffer = 376.8489189999999 sec
2021-01-11 10:40:19,923:INFO:Segment number 97: 
2021-01-11 10:40:19,923:INFO:Request sent (request url: 'http://ftp.itec.aau.at/datasets/DASHDataset2014/BigBuckBunny/4sec/bunny_3936261bps/BigBuckBunny_4s97.m4s')
2021-01-11 10:40:20,171:INFO:Response received.
2021-01-11 10:40:20,172:INFO:Response size: 656448 bytes
2021-01-11 10:40:20,172:INFO:Response time: 0.060059 seconds
2021-01-11 10:40:20,172:INFO:User's bandwidth: 87440416.9233587 bps
2021-01-11 10:40:20,172:INFO:Buffer = 380.7888599999999 sec
2021-01-11 10:40:20,172:INFO:Segment number 98: 
2021-01-11 10:40:20,172:INFO:Request sent (request url: 'http://ftp.itec.aau.at/datasets/DASHDataset2014/BigBuckBunny/4sec/bunny_3936261bps/BigBuckBunny_4s98.m4s')
2021-01-11 10:40:20,572:INFO:Response received.
2021-01-11 10:40:20,572:INFO:Response size: 1027977 bytes
2021-01-11 10:40:20,573:INFO:Response time: 0.098426 seconds
2021-01-11 10:40:20,573:INFO:User's bandwidth: 83553288.76516367 bps
2021-01-11 10:40:20,573:INFO:Buffer = 384.69043399999987 sec
2021-01-11 10:40:20,573:INFO:Segment number 99: 
2021-01-11 10:40:20,573:INFO:Request sent (request url: 'http://ftp.itec.aau.at/datasets/DASHDataset2014/BigBuckBunny/4sec/bunny_3936261bps/BigBuckBunny_4s99.m4s')
2021-01-11 10:40:20,979:INFO:Response received.
2021-01-11 10:40:20,979:INFO:Response size: 1187169 bytes
2021-01-11 10:40:20,980:INFO:Response time: 0.076382 seconds
2021-01-11 10:40:20,980:INFO:User's bandwidth: 124340184.8603074 bps
2021-01-11 10:40:20,980:INFO:Buffer = 388.61405199999984 sec
2021-01-11 10:40:20,980:INFO:Segment number 100: 
2021-01-11 10:40:20,980:INFO:Request sent (request url: 'http://ftp.itec.aau.at/datasets/DASHDataset2014/BigBuckBunny/4sec/bunny_3936261bps/BigBuckBunny_4s100.m4s')
2021-01-11 10:40:21,414:INFO:Response received.
2021-01-11 10:40:21,415:INFO:Response size: 1344705 bytes
2021-01-11 10:40:21,415:INFO:Response time: 0.081887 seconds
2021-01-11 10:40:21,415:INFO:User's bandwidth: 131371768.41256854 bps
2021-01-11 10:40:21,415:INFO:Buffer = 392.53216499999985 sec
2021-01-11 10:40:21,415:INFO:Segment number 101: 
2021-01-11 10:40:21,415:INFO:Request sent (request url: 'http://ftp.itec.aau.at/datasets/DASHDataset2014/BigBuckBunny/4sec/bunny_3936261bps/BigBuckBunny_4s101.m4s')
2021-01-11 10:40:21,757:INFO:Response received.
2021-01-11 10:40:21,758:INFO:Response size: 870031 bytes
2021-01-11 10:40:21,758:INFO:Response time: 0.06944 seconds
2021-01-11 10:40:21,758:INFO:User's bandwidth: 100233986.1751152 bps
2021-01-11 10:40:21,758:INFO:Buffer = 396.46272499999986 sec
2021-01-11 10:40:21,759:INFO:Segment number 102: 
2021-01-11 10:40:21,759:INFO:Request sent (request url: 'http://ftp.itec.aau.at/datasets/DASHDataset2014/BigBuckBunny/4sec/bunny_3936261bps/BigBuckBunny_4s102.m4s')
2021-01-11 10:40:22,166:INFO:Response received.
2021-01-11 10:40:22,166:INFO:Response size: 1276321 bytes
2021-01-11 10:40:22,167:INFO:Response time: 0.06964 seconds
2021-01-11 10:40:22,167:INFO:User's bandwidth: 146619299.25330272 bps
2021-01-11 10:40:22,167:INFO:Buffer = 400.39308499999987 sec
2021-01-11 10:40:22,167:INFO:Segment number 103: 
2021-01-11 10:40:22,167:INFO:Request sent (request url: 'http://ftp.itec.aau.at/datasets/DASHDataset2014/BigBuckBunny/4sec/bunny_3936261bps/BigBuckBunny_4s103.m4s')
2021-01-11 10:40:22,608:INFO:Response received.
2021-01-11 10:40:22,609:INFO:Response size: 1711822 bytes
2021-01-11 10:40:22,609:INFO:Response time: 0.059049 seconds
2021-01-11 10:40:22,609:INFO:User's bandwidth: 231918847.059222 bps
2021-01-11 10:40:22,609:INFO:Buffer = 404.33403599999986 sec
2021-01-11 10:40:22,609:INFO:Segment number 104: 
2021-01-11 10:40:22,609:INFO:Request sent (request url: 'http://ftp.itec.aau.at/datasets/DASHDataset2014/BigBuckBunny/4sec/bunny_3936261bps/BigBuckBunny_4s104.m4s')
2021-01-11 10:40:23,135:INFO:Response received.
2021-01-11 10:40:23,136:INFO:Response size: 1623951 bytes
2021-01-11 10:40:23,136:INFO:Response time: 0.084331 seconds
2021-01-11 10:40:23,136:INFO:User's bandwidth: 154054950.1369603 bps
2021-01-11 10:40:23,136:INFO:Buffer = 408.24970499999984 sec
2021-01-11 10:40:23,136:INFO:Segment number 105: 
2021-01-11 10:40:23,136:INFO:Request sent (request url: 'http://ftp.itec.aau.at/datasets/DASHDataset2014/BigBuckBunny/4sec/bunny_3936261bps/BigBuckBunny_4s105.m4s')
2021-01-11 10:40:23,558:INFO:Response received.
2021-01-11 10:40:23,558:INFO:Response size: 1166908 bytes
2021-01-11 10:40:23,558:INFO:Response time: 0.090852 seconds
2021-01-11 10:40:23,558:INFO:User's bandwidth: 102752432.52762735 bps
2021-01-11 10:40:23,558:INFO:Buffer = 412.15885299999985 sec
2021-01-11 10:40:23,559:INFO:Segment number 106: 
2021-01-11 10:40:23,559:INFO:Request sent (request url: 'http://ftp.itec.aau.at/datasets/DASHDataset2014/BigBuckBunny/4sec/bunny_3936261bps/BigBuckBunny_4s106.m4s')
2021-01-11 10:40:24,410:INFO:Response received.
2021-01-11 10:40:24,410:INFO:Response size: 3905761 bytes
2021-01-11 10:40:24,410:INFO:Response time: 0.065626 seconds
2021-01-11 10:40:24,411:INFO:User's bandwidth: 476123609.5449974 bps
2021-01-11 10:40:24,411:INFO:Buffer = 416.09322699999984 sec
2021-01-11 10:40:24,411:INFO:Segment number 107: 
2021-01-11 10:40:24,411:INFO:Request sent (request url: 'http://ftp.itec.aau.at/datasets/DASHDataset2014/BigBuckBunny/4sec/bunny_3936261bps/BigBuckBunny_4s107.m4s')
2021-01-11 10:40:25,014:INFO:Response received.
2021-01-11 10:40:25,015:INFO:Response size: 2703116 bytes
2021-01-11 10:40:25,015:INFO:Response time: 0.058683 seconds
2021-01-11 10:40:25,015:INFO:User's bandwidth: 368504132.37223727 bps
2021-01-11 10:40:25,015:INFO:Buffer = 420.03454399999987 sec
2021-01-11 10:40:25,015:INFO:Segment number 108: 
2021-01-11 10:40:25,015:INFO:Request sent (request url: 'http://ftp.itec.aau.at/datasets/DASHDataset2014/BigBuckBunny/4sec/bunny_3936261bps/BigBuckBunny_4s108.m4s')
2021-01-11 10:40:25,660:INFO:Response received.
2021-01-11 10:40:25,660:INFO:Response size: 2261392 bytes
2021-01-11 10:40:25,661:INFO:Response time: 0.097109 seconds
2021-01-11 10:40:25,661:INFO:User's bandwidth: 186297212.4107961 bps
2021-01-11 10:40:25,661:INFO:Buffer = 423.9374349999999 sec
2021-01-11 10:40:25,661:INFO:Segment number 109: 
2021-01-11 10:40:25,661:INFO:Request sent (request url: 'http://ftp.itec.aau.at/datasets/DASHDataset2014/BigBuckBunny/4sec/bunny_3936261bps/BigBuckBunny_4s109.m4s')
2021-01-11 10:40:26,402:INFO:Response received.
2021-01-11 10:40:26,402:INFO:Response size: 3187710 bytes
2021-01-11 10:40:26,402:INFO:Response time: 0.08561 seconds
2021-01-11 10:40:26,402:INFO:User's bandwidth: 297882023.1281392 bps
2021-01-11 10:40:26,402:INFO:Buffer = 427.8518249999999 sec
2021-01-11 10:40:26,402:INFO:Segment number 110: 
2021-01-11 10:40:26,402:INFO:Request sent (request url: 'http://ftp.itec.aau.at/datasets/DASHDataset2014/BigBuckBunny/4sec/bunny_3936261bps/BigBuckBunny_4s110.m4s')
2021-01-11 10:40:26,904:INFO:Response received.
2021-01-11 10:40:26,904:INFO:Response size: 1596320 bytes
2021-01-11 10:40:26,904:INFO:Response time: 0.087552 seconds
2021-01-11 10:40:26,905:INFO:User's bandwidth: 145862573.09941518 bps
2021-01-11 10:40:26,905:INFO:Buffer = 431.7642729999999 sec
2021-01-11 10:40:26,905:INFO:Segment number 111: 
2021-01-11 10:40:26,905:INFO:Request sent (request url: 'http://ftp.itec.aau.at/datasets/DASHDataset2014/BigBuckBunny/4sec/bunny_3936261bps/BigBuckBunny_4s111.m4s')
2021-01-11 10:40:27,443:INFO:Response received.
2021-01-11 10:40:27,443:INFO:Response size: 1831807 bytes
2021-01-11 10:40:27,443:INFO:Response time: 0.067322 seconds
2021-01-11 10:40:27,444:INFO:User's bandwidth: 217677074.3590505 bps
2021-01-11 10:40:27,444:INFO:Buffer = 435.6969509999999 sec
2021-01-11 10:40:27,444:INFO:Segment number 112: 
2021-01-11 10:40:27,444:INFO:Request sent (request url: 'http://ftp.itec.aau.at/datasets/DASHDataset2014/BigBuckBunny/4sec/bunny_3936261bps/BigBuckBunny_4s112.m4s')
2021-01-11 10:40:27,963:INFO:Response received.
2021-01-11 10:40:27,963:INFO:Response size: 1718209 bytes
2021-01-11 10:40:27,964:INFO:Response time: 0.059578 seconds
2021-01-11 10:40:27,964:INFO:User's bandwidth: 230717244.6204975 bps
2021-01-11 10:40:27,964:INFO:Buffer = 439.6373729999999 sec
2021-01-11 10:40:27,964:INFO:Segment number 113: 
2021-01-11 10:40:27,964:INFO:Request sent (request url: 'http://ftp.itec.aau.at/datasets/DASHDataset2014/BigBuckBunny/4sec/bunny_3936261bps/BigBuckBunny_4s113.m4s')
2021-01-11 10:40:28,329:INFO:Response received.
2021-01-11 10:40:28,329:INFO:Response size: 916797 bytes
2021-01-11 10:40:28,330:INFO:Response time: 0.073608 seconds
2021-01-11 10:40:28,330:INFO:User's bandwidth: 99641017.28073035 bps
2021-01-11 10:40:28,330:INFO:Buffer = 443.56376499999993 sec
2021-01-11 10:40:28,330:INFO:Segment number 114: 
2021-01-11 10:40:28,330:INFO:Request sent (request url: 'http://ftp.itec.aau.at/datasets/DASHDataset2014/BigBuckBunny/4sec/bunny_3936261bps/BigBuckBunny_4s114.m4s')
2021-01-11 10:40:28,712:INFO:Response received.
2021-01-11 10:40:28,712:INFO:Response size: 922629 bytes
2021-01-11 10:40:28,712:INFO:Response time: 0.072157 seconds
2021-01-11 10:40:28,712:INFO:User's bandwidth: 102291281.5111493 bps
2021-01-11 10:40:28,713:INFO:Buffer = 447.4916079999999 sec
2021-01-11 10:40:28,713:INFO:Segment number 115: 
2021-01-11 10:40:28,713:INFO:Request sent (request url: 'http://ftp.itec.aau.at/datasets/DASHDataset2014/BigBuckBunny/4sec/bunny_3936261bps/BigBuckBunny_4s115.m4s')
2021-01-11 10:40:29,218:INFO:Response received.
2021-01-11 10:40:29,218:INFO:Response size: 1534611 bytes
2021-01-11 10:40:29,219:INFO:Response time: 0.066668 seconds
2021-01-11 10:40:29,219:INFO:User's bandwidth: 184149637.00725985 bps
2021-01-11 10:40:29,219:INFO:Buffer = 451.42493999999994 sec
2021-01-11 10:40:29,219:INFO:Segment number 116: 
2021-01-11 10:40:29,219:INFO:Request sent (request url: 'http://ftp.itec.aau.at/datasets/DASHDataset2014/BigBuckBunny/4sec/bunny_3936261bps/BigBuckBunny_4s116.m4s')
2021-01-11 10:40:29,826:INFO:Response received.
2021-01-11 10:40:29,826:INFO:Response size: 2247333 bytes
2021-01-11 10:40:29,826:INFO:Response time: 0.094119 seconds
2021-01-11 10:40:29,826:INFO:User's bandwidth: 191020559.07946324 bps
2021-01-11 10:40:29,826:INFO:Buffer = 455.33082099999996 sec
2021-01-11 10:40:29,826:INFO:Segment number 117: 
2021-01-11 10:40:29,827:INFO:Request sent (request url: 'http://ftp.itec.aau.at/datasets/DASHDataset2014/BigBuckBunny/4sec/bunny_3936261bps/BigBuckBunny_4s117.m4s')
2021-01-11 10:40:30,638:INFO:Response received.
2021-01-11 10:40:30,638:INFO:Response size: 3863178 bytes
2021-01-11 10:40:30,638:INFO:Response time: 0.085774 seconds
2021-01-11 10:40:30,639:INFO:User's bandwidth: 360312262.4571548 bps
2021-01-11 10:40:30,639:INFO:Buffer = 459.24504699999994 sec
2021-01-11 10:40:30,639:INFO:Segment number 118: 
2021-01-11 10:40:30,639:INFO:Request sent (request url: 'http://ftp.itec.aau.at/datasets/DASHDataset2014/BigBuckBunny/4sec/bunny_3936261bps/BigBuckBunny_4s118.m4s')
2021-01-11 10:40:31,221:INFO:Response received.
2021-01-11 10:40:31,222:INFO:Response size: 2516581 bytes
2021-01-11 10:40:31,222:INFO:Response time: 0.08054 seconds
2021-01-11 10:40:31,222:INFO:User's bandwidth: 249970797.11944374 bps
2021-01-11 10:40:31,222:INFO:Buffer = 463.16450699999996 sec
2021-01-11 10:40:31,222:INFO:Segment number 119: 
2021-01-11 10:40:31,223:INFO:Request sent (request url: 'http://ftp.itec.aau.at/datasets/DASHDataset2014/BigBuckBunny/4sec/bunny_3936261bps/BigBuckBunny_4s119.m4s')
2021-01-11 10:40:31,602:INFO:Response received.
2021-01-11 10:40:31,602:INFO:Response size: 1122011 bytes
2021-01-11 10:40:31,603:INFO:Response time: 0.065242 seconds
2021-01-11 10:40:31,603:INFO:User's bandwidth: 137581435.27175745 bps
2021-01-11 10:40:31,603:INFO:Buffer = 467.09926499999995 sec
2021-01-11 10:40:31,603:INFO:Segment number 120: 
2021-01-11 10:40:31,603:INFO:Request sent (request url: 'http://ftp.itec.aau.at/datasets/DASHDataset2014/BigBuckBunny/4sec/bunny_3936261bps/BigBuckBunny_4s120.m4s')
2021-01-11 10:40:31,961:INFO:Response received.
2021-01-11 10:40:31,962:INFO:Response size: 1150047 bytes
2021-01-11 10:40:31,962:INFO:Response time: 0.074119 seconds
2021-01-11 10:40:31,962:INFO:User's bandwidth: 124129791.2815877 bps
2021-01-11 10:40:31,962:INFO:Buffer = 471.02514599999995 sec
2021-01-11 10:40:31,962:INFO:Segment number 121: 
2021-01-11 10:40:31,962:INFO:Request sent (request url: 'http://ftp.itec.aau.at/datasets/DASHDataset2014/BigBuckBunny/4sec/bunny_3936261bps/BigBuckBunny_4s121.m4s')
2021-01-11 10:40:32,300:INFO:Response received.
2021-01-11 10:40:32,301:INFO:Response size: 989154 bytes
2021-01-11 10:40:32,301:INFO:Response time: 0.064708 seconds
2021-01-11 10:40:32,301:INFO:User's bandwidth: 122291401.37231871 bps
2021-01-11 10:40:32,301:INFO:Buffer = 474.96043799999995 sec
2021-01-11 10:40:32,301:INFO:Segment number 122: 
2021-01-11 10:40:32,301:INFO:Request sent (request url: 'http://ftp.itec.aau.at/datasets/DASHDataset2014/BigBuckBunny/4sec/bunny_3936261bps/BigBuckBunny_4s122.m4s')
2021-01-11 10:40:32,634:INFO:Response received.
2021-01-11 10:40:32,635:INFO:Response size: 1101643 bytes
2021-01-11 10:40:32,635:INFO:Response time: 0.065358 seconds
2021-01-11 10:40:32,635:INFO:User's bandwidth: 134844150.67780533 bps
2021-01-11 10:40:32,635:INFO:Buffer = 478.89507999999995 sec
2021-01-11 10:40:32,635:INFO:Segment number 123: 
2021-01-11 10:40:32,635:INFO:Request sent (request url: 'http://ftp.itec.aau.at/datasets/DASHDataset2014/BigBuckBunny/4sec/bunny_3936261bps/BigBuckBunny_4s123.m4s')
2021-01-11 10:40:33,092:INFO:Response received.
2021-01-11 10:40:33,093:INFO:Response size: 1733244 bytes
2021-01-11 10:40:33,093:INFO:Response time: 0.064339 seconds
2021-01-11 10:40:33,093:INFO:User's bandwidth: 215513949.5484854 bps
2021-01-11 10:40:33,093:INFO:Buffer = 482.83074099999993 sec
2021-01-11 10:40:33,093:INFO:Segment number 124: 
2021-01-11 10:40:33,093:INFO:Request sent (request url: 'http://ftp.itec.aau.at/datasets/DASHDataset2014/BigBuckBunny/4sec/bunny_3936261bps/BigBuckBunny_4s124.m4s')
2021-01-11 10:40:33,477:INFO:Response received.
2021-01-11 10:40:33,478:INFO:Response size: 1285753 bytes
2021-01-11 10:40:33,478:INFO:Response time: 0.084297 seconds
2021-01-11 10:40:33,478:INFO:User's bandwidth: 122021234.44487941 bps
2021-01-11 10:40:33,478:INFO:Buffer = 486.74644399999994 sec
2021-01-11 10:40:33,478:INFO:Segment number 125: 
2021-01-11 10:40:33,478:INFO:Request sent (request url: 'http://ftp.itec.aau.at/datasets/DASHDataset2014/BigBuckBunny/4sec/bunny_3936261bps/BigBuckBunny_4s125.m4s')
2021-01-11 10:40:33,903:INFO:Response received.
2021-01-11 10:40:33,904:INFO:Response size: 1375739 bytes
2021-01-11 10:40:33,904:INFO:Response time: 0.087507 seconds
2021-01-11 10:40:33,904:INFO:User's bandwidth: 125771789.6853966 bps
2021-01-11 10:40:33,904:INFO:Buffer = 490.6589369999999 sec
2021-01-11 10:40:33,904:INFO:Segment number 126: 
2021-01-11 10:40:33,904:INFO:Request sent (request url: 'http://ftp.itec.aau.at/datasets/DASHDataset2014/BigBuckBunny/4sec/bunny_3936261bps/BigBuckBunny_4s126.m4s')
2021-01-11 10:40:34,402:INFO:Response received.
2021-01-11 10:40:34,403:INFO:Response size: 1912597 bytes
2021-01-11 10:40:34,403:INFO:Response time: 0.059987 seconds
2021-01-11 10:40:34,403:INFO:User's bandwidth: 255068198.1095904 bps
2021-01-11 10:40:34,403:INFO:Buffer = 494.59894999999995 sec
2021-01-11 10:40:34,403:INFO:Segment number 127: 
2021-01-11 10:40:34,403:INFO:Request sent (request url: 'http://ftp.itec.aau.at/datasets/DASHDataset2014/BigBuckBunny/4sec/bunny_3936261bps/BigBuckBunny_4s127.m4s')
2021-01-11 10:40:34,963:INFO:Response received.
2021-01-11 10:40:34,964:INFO:Response size: 2487917 bytes
2021-01-11 10:40:34,964:INFO:Response time: 0.063943 seconds
2021-01-11 10:40:34,964:INFO:User's bandwidth: 311266847.03564113 bps
2021-01-11 10:40:34,964:INFO:Buffer = 498.53500699999995 sec
2021-01-11 10:40:34,964:INFO:Segment number 128: 
2021-01-11 10:40:34,965:INFO:Request sent (request url: 'http://ftp.itec.aau.at/datasets/DASHDataset2014/BigBuckBunny/4sec/bunny_3936261bps/BigBuckBunny_4s128.m4s')
2021-01-11 10:40:35,631:INFO:Response received.
2021-01-11 10:40:35,632:INFO:Response size: 2739073 bytes
2021-01-11 10:40:35,632:INFO:Response time: 0.076091 seconds
2021-01-11 10:40:35,632:INFO:User's bandwidth: 287978657.13422084 bps
2021-01-11 10:40:35,632:INFO:Buffer = 502.45891599999993 sec
2021-01-11 10:40:35,632:INFO:Segment number 129: 
2021-01-11 10:40:35,632:INFO:Request sent (request url: 'http://ftp.itec.aau.at/datasets/DASHDataset2014/BigBuckBunny/4sec/bunny_3936261bps/BigBuckBunny_4s129.m4s')
2021-01-11 10:40:36,232:INFO:Response received.
2021-01-11 10:40:36,233:INFO:Response size: 2482543 bytes
2021-01-11 10:40:36,234:INFO:Response time: 0.065102 seconds
2021-01-11 10:40:36,234:INFO:User's bandwidth: 305065036.40441155 bps
2021-01-11 10:40:36,234:INFO:Buffer = 506.3938139999999 sec
2021-01-11 10:40:36,234:INFO:Segment number 130: 
2021-01-11 10:40:36,234:INFO:Request sent (request url: 'http://ftp.itec.aau.at/datasets/DASHDataset2014/BigBuckBunny/4sec/bunny_3936261bps/BigBuckBunny_4s130.m4s')
2021-01-11 10:40:36,878:INFO:Response received.
2021-01-11 10:40:36,879:INFO:Response size: 2784768 bytes
2021-01-11 10:40:36,879:INFO:Response time: 0.089897 seconds
2021-01-11 10:40:36,879:INFO:User's bandwidth: 247818547.89370057 bps
2021-01-11 10:40:36,879:INFO:Buffer = 510.3039169999999 sec
2021-01-11 10:40:36,879:INFO:Segment number 131: 
2021-01-11 10:40:36,879:INFO:Request sent (request url: 'http://ftp.itec.aau.at/datasets/DASHDataset2014/BigBuckBunny/4sec/bunny_3936261bps/BigBuckBunny_4s131.m4s')
2021-01-11 10:40:37,601:INFO:Response received.
2021-01-11 10:40:37,602:INFO:Response size: 2908342 bytes
2021-01-11 10:40:37,602:INFO:Response time: 0.069297 seconds
2021-01-11 10:40:37,602:INFO:User's bandwidth: 335753871.0189474 bps
2021-01-11 10:40:37,602:INFO:Buffer = 514.23462 sec
2021-01-11 10:40:37,602:INFO:Segment number 132: 
2021-01-11 10:40:37,602:INFO:Request sent (request url: 'http://ftp.itec.aau.at/datasets/DASHDataset2014/BigBuckBunny/4sec/bunny_3936261bps/BigBuckBunny_4s132.m4s')
2021-01-11 10:40:38,282:INFO:Response received.
2021-01-11 10:40:38,283:INFO:Response size: 2715072 bytes
2021-01-11 10:40:38,283:INFO:Response time: 0.087196 seconds
2021-01-11 10:40:38,283:INFO:User's bandwidth: 249100600.9449975 bps
2021-01-11 10:40:38,283:INFO:Buffer = 518.147424 sec
2021-01-11 10:40:38,283:INFO:Segment number 133: 
2021-01-11 10:40:38,283:INFO:Request sent (request url: 'http://ftp.itec.aau.at/datasets/DASHDataset2014/BigBuckBunny/4sec/bunny_3936261bps/BigBuckBunny_4s133.m4s')
2021-01-11 10:40:38,976:INFO:Response received.
2021-01-11 10:40:38,977:INFO:Response size: 2871829 bytes
2021-01-11 10:40:38,977:INFO:Response time: 0.079541 seconds
2021-01-11 10:40:38,977:INFO:User's bandwidth: 288840120.1895878 bps
2021-01-11 10:40:38,977:INFO:Buffer = 522.067883 sec
2021-01-11 10:40:38,977:INFO:Segment number 134: 
2021-01-11 10:40:38,977:INFO:Request sent (request url: 'http://ftp.itec.aau.at/datasets/DASHDataset2014/BigBuckBunny/4sec/bunny_3936261bps/BigBuckBunny_4s134.m4s')
2021-01-11 10:40:39,703:INFO:Response received.
2021-01-11 10:40:39,703:INFO:Response size: 3023985 bytes
2021-01-11 10:40:39,703:INFO:Response time: 0.070125 seconds
2021-01-11 10:40:39,703:INFO:User's bandwidth: 344982245.9893048 bps
2021-01-11 10:40:39,703:INFO:Buffer = 525.9977580000001 sec
2021-01-11 10:40:39,704:INFO:Segment number 135: 
2021-01-11 10:40:39,704:INFO:Request sent (request url: 'http://ftp.itec.aau.at/datasets/DASHDataset2014/BigBuckBunny/4sec/bunny_3936261bps/BigBuckBunny_4s135.m4s')
2021-01-11 10:40:40,297:INFO:Response received.
2021-01-11 10:40:40,298:INFO:Response size: 2679759 bytes
2021-01-11 10:40:40,298:INFO:Response time: 0.070559 seconds
2021-01-11 10:40:40,298:INFO:User's bandwidth: 303831857.02745223 bps
2021-01-11 10:40:40,298:INFO:Buffer = 529.9271990000001 sec
2021-01-11 10:40:40,298:INFO:Segment number 136: 
2021-01-11 10:40:40,298:INFO:Request sent (request url: 'http://ftp.itec.aau.at/datasets/DASHDataset2014/BigBuckBunny/4sec/bunny_3936261bps/BigBuckBunny_4s136.m4s')
2021-01-11 10:40:40,939:INFO:Response received.
2021-01-11 10:40:40,939:INFO:Response size: 2711249 bytes
2021-01-11 10:40:40,939:INFO:Response time: 0.060866 seconds
2021-01-11 10:40:40,939:INFO:User's bandwidth: 356356455.16380244 bps
2021-01-11 10:40:40,940:INFO:Buffer = 533.866333 sec
2021-01-11 10:40:40,940:INFO:Segment number 137: 
2021-01-11 10:40:40,940:INFO:Request sent (request url: 'http://ftp.itec.aau.at/datasets/DASHDataset2014/BigBuckBunny/4sec/bunny_3936261bps/BigBuckBunny_4s137.m4s')
2021-01-11 10:40:41,592:INFO:Response received.
2021-01-11 10:40:41,592:INFO:Response size: 2741323 bytes
2021-01-11 10:40:41,593:INFO:Response time: 0.070103 seconds
2021-01-11 10:40:41,593:INFO:User's bandwidth: 312833744.6328973 bps
2021-01-11 10:40:41,593:INFO:Buffer = 537.79623 sec
2021-01-11 10:40:41,593:INFO:Segment number 138: 
2021-01-11 10:40:41,593:INFO:Request sent (request url: 'http://ftp.itec.aau.at/datasets/DASHDataset2014/BigBuckBunny/4sec/bunny_3936261bps/BigBuckBunny_4s138.m4s')
2021-01-11 10:40:42,215:INFO:Response received.
2021-01-11 10:40:42,216:INFO:Response size: 3011533 bytes
2021-01-11 10:40:42,216:INFO:Response time: 0.058315 seconds
2021-01-11 10:40:42,216:INFO:User's bandwidth: 413140084.0264083 bps
2021-01-11 10:40:42,216:INFO:Buffer = 541.737915 sec
2021-01-11 10:40:42,216:INFO:Segment number 139: 
2021-01-11 10:40:42,216:INFO:Request sent (request url: 'http://ftp.itec.aau.at/datasets/DASHDataset2014/BigBuckBunny/4sec/bunny_3936261bps/BigBuckBunny_4s139.m4s')
2021-01-11 10:40:43,025:INFO:Response received.
2021-01-11 10:40:43,025:INFO:Response size: 3753036 bytes
2021-01-11 10:40:43,025:INFO:Response time: 0.091289 seconds
2021-01-11 10:40:43,026:INFO:User's bandwidth: 328892725.3009673 bps
2021-01-11 10:40:43,026:INFO:Buffer = 545.6466260000001 sec
2021-01-11 10:40:43,026:INFO:Segment number 140: 
2021-01-11 10:40:43,026:INFO:Request sent (request url: 'http://ftp.itec.aau.at/datasets/DASHDataset2014/BigBuckBunny/4sec/bunny_3936261bps/BigBuckBunny_4s140.m4s')
2021-01-11 10:40:43,840:INFO:Response received.
2021-01-11 10:40:43,842:INFO:Response size: 3828927 bytes
2021-01-11 10:40:43,843:INFO:Response time: 0.085398 seconds
2021-01-11 10:40:43,843:INFO:User's bandwidth: 358690086.4188857 bps
2021-01-11 10:40:43,843:INFO:Buffer = 549.561228 sec
2021-01-11 10:40:43,843:INFO:Segment number 141: 
2021-01-11 10:40:43,843:INFO:Request sent (request url: 'http://ftp.itec.aau.at/datasets/DASHDataset2014/BigBuckBunny/4sec/bunny_3936261bps/BigBuckBunny_4s141.m4s')
2021-01-11 10:40:44,591:INFO:Response received.
2021-01-11 10:40:44,592:INFO:Response size: 3246106 bytes
2021-01-11 10:40:44,592:INFO:Response time: 0.075086 seconds
2021-01-11 10:40:44,592:INFO:User's bandwidth: 345854726.58018804 bps
2021-01-11 10:40:44,592:INFO:Buffer = 553.486142 sec
2021-01-11 10:40:44,592:INFO:Segment number 142: 
2021-01-11 10:40:44,592:INFO:Request sent (request url: 'http://ftp.itec.aau.at/datasets/DASHDataset2014/BigBuckBunny/4sec/bunny_3936261bps/BigBuckBunny_4s142.m4s')
2021-01-11 10:40:45,119:INFO:Response received.
2021-01-11 10:40:45,130:INFO:Response size: 2225958 bytes
2021-01-11 10:40:45,130:INFO:Response time: 0.062643 seconds
2021-01-11 10:40:45,130:INFO:User's bandwidth: 284272209.1853838 bps
2021-01-11 10:40:45,131:INFO:Buffer = 557.423499 sec
2021-01-11 10:40:45,131:INFO:Segment number 143: 
2021-01-11 10:40:45,131:INFO:Request sent (request url: 'http://ftp.itec.aau.at/datasets/DASHDataset2014/BigBuckBunny/4sec/bunny_3936261bps/BigBuckBunny_4s143.m4s')
2021-01-11 10:40:45,597:INFO:Response received.
2021-01-11 10:40:45,598:INFO:Response size: 1613733 bytes
2021-01-11 10:40:45,598:INFO:Response time: 0.07676 seconds
2021-01-11 10:40:45,598:INFO:User's bandwidth: 168184783.74153206 bps
2021-01-11 10:40:45,598:INFO:Buffer = 561.346739 sec
2021-01-11 10:40:45,598:INFO:Segment number 144: 
2021-01-11 10:40:45,598:INFO:Request sent (request url: 'http://ftp.itec.aau.at/datasets/DASHDataset2014/BigBuckBunny/4sec/bunny_3936261bps/BigBuckBunny_4s144.m4s')
2021-01-11 10:40:46,008:INFO:Response received.
2021-01-11 10:40:46,008:INFO:Response size: 1199118 bytes
2021-01-11 10:40:46,008:INFO:Response time: 0.075489 seconds
2021-01-11 10:40:46,008:INFO:User's bandwidth: 127077375.51166394 bps
2021-01-11 10:40:46,008:INFO:Buffer = 565.27125 sec
2021-01-11 10:40:46,008:INFO:Segment number 145: 
2021-01-11 10:40:46,009:INFO:Request sent (request url: 'http://ftp.itec.aau.at/datasets/DASHDataset2014/BigBuckBunny/4sec/bunny_3936261bps/BigBuckBunny_4s145.m4s')
2021-01-11 10:40:46,356:INFO:Response received.
2021-01-11 10:40:46,357:INFO:Response size: 1182569 bytes
2021-01-11 10:40:46,357:INFO:Response time: 0.061995 seconds
2021-01-11 10:40:46,357:INFO:User's bandwidth: 152601854.9883055 bps
2021-01-11 10:40:46,357:INFO:Buffer = 569.209255 sec
2021-01-11 10:40:46,357:INFO:Segment number 146: 
2021-01-11 10:40:46,357:INFO:Request sent (request url: 'http://ftp.itec.aau.at/datasets/DASHDataset2014/BigBuckBunny/4sec/bunny_3936261bps/BigBuckBunny_4s146.m4s')
2021-01-11 10:40:46,599:INFO:Response received.
2021-01-11 10:40:46,600:INFO:Response size: 519334 bytes
2021-01-11 10:40:46,600:INFO:Response time: 0.060092 seconds
2021-01-11 10:40:46,600:INFO:User's bandwidth: 69138520.934567 bps
2021-01-11 10:40:46,600:INFO:Buffer = 573.1491629999999 sec
2021-01-11 10:40:46,600:INFO:Segment number 147: 
2021-01-11 10:40:46,600:INFO:Request sent (request url: 'http://ftp.itec.aau.at/datasets/DASHDataset2014/BigBuckBunny/4sec/bunny_3936261bps/BigBuckBunny_4s147.m4s')
2021-01-11 10:40:46,844:INFO:Response received.
2021-01-11 10:40:46,844:INFO:Response size: 491010 bytes
2021-01-11 10:40:46,844:INFO:Response time: 0.082315 seconds
2021-01-11 10:40:46,844:INFO:User's bandwidth: 47720099.6173237 bps
2021-01-11 10:40:46,844:INFO:Buffer = 577.0668479999999 sec
2021-01-11 10:40:46,845:INFO:Segment number 148: 
2021-01-11 10:40:46,845:INFO:Request sent (request url: 'http://ftp.itec.aau.at/datasets/DASHDataset2014/BigBuckBunny/4sec/bunny_3936261bps/BigBuckBunny_4s148.m4s')
2021-01-11 10:40:47,148:INFO:Response received.
2021-01-11 10:40:47,149:INFO:Response size: 813120 bytes
2021-01-11 10:40:47,149:INFO:Response time: 0.063326 seconds
2021-01-11 10:40:47,149:INFO:User's bandwidth: 102721788.83870766 bps
2021-01-11 10:40:47,149:INFO:Buffer = 581.003522 sec
2021-01-11 10:40:47,150:INFO:Segment number 149: 
2021-01-11 10:40:47,150:INFO:Request sent (request url: 'http://ftp.itec.aau.at/datasets/DASHDataset2014/BigBuckBunny/4sec/bunny_3936261bps/BigBuckBunny_4s149.m4s')
2021-01-11 10:40:47,511:INFO:Response received.
2021-01-11 10:40:47,513:INFO:Response size: 918825 bytes
2021-01-11 10:40:47,513:INFO:Response time: 0.08652 seconds
2021-01-11 10:40:47,513:INFO:User's bandwidth: 84958391.12343967 bps
2021-01-11 10:40:47,513:INFO:Buffer = 584.917002 sec
2021-01-11 10:40:47,513:INFO:Segment number 150: 
2021-01-11 10:40:47,513:INFO:Request sent (request url: 'http://ftp.itec.aau.at/datasets/DASHDataset2014/BigBuckBunny/4sec/bunny_3936261bps/BigBuckBunny_4s150.m4s')
2021-01-11 10:40:47,689:INFO:Response received.
2021-01-11 10:40:47,689:INFO:Response size: 144834 bytes
2021-01-11 10:40:47,690:INFO:Response time: 0.078134 seconds
2021-01-11 10:40:47,690:INFO:User's bandwidth: 14829293.265415825 bps
2021-01-11 10:40:47,690:INFO:Buffer = 588.838868 sec
2021-01-11 10:40:47,690:INFO:STREAM FINISHED!
